{"/Users/z/Developer/spike-land-ai/packages/spike-land-mcp/src/__test-utils__/mock-env.ts": {"path":"/Users/z/Developer/spike-land-ai/packages/spike-land-mcp/src/__test-utils__/mock-env.ts","statementMap":{"0":{"start":{"line":7,"column":16},"end":{"line":7,"column":null}},"1":{"start":{"line":9,"column":2},"end":{"line":34,"column":null}},"2":{"start":{"line":11,"column":20},"end":{"line":11,"column":null}},"3":{"start":{"line":12,"column":6},"end":{"line":12,"column":null}},"4":{"start":{"line":12,"column":18},"end":{"line":12,"column":null}},"5":{"start":{"line":13,"column":6},"end":{"line":16,"column":null}},"6":{"start":{"line":14,"column":8},"end":{"line":14,"column":null}},"7":{"start":{"line":15,"column":8},"end":{"line":15,"column":null}},"8":{"start":{"line":17,"column":6},"end":{"line":17,"column":null}},"9":{"start":{"line":20,"column":25},"end":{"line":22,"column":null}},"10":{"start":{"line":23,"column":6},"end":{"line":23,"column":null}},"11":{"start":{"line":26,"column":6},"end":{"line":26,"column":null}},"12":{"start":{"line":28,"column":23},"end":{"line":32,"column":null}},"13":{"start":{"line":29,"column":50},"end":{"line":29,"column":59}},"14":{"start":{"line":33,"column":34},"end":{"line":33,"column":null}},"15":{"start":{"line":47,"column":25},"end":{"line":51,"column":null}},"16":{"start":{"line":47,"column":46},"end":{"line":51,"column":null}},"17":{"start":{"line":53,"column":18},"end":{"line":53,"column":null}},"18":{"start":{"line":55,"column":18},"end":{"line":73,"column":null}},"19":{"start":{"line":56,"column":33},"end":{"line":56,"column":null}},"20":{"start":{"line":58,"column":17},"end":{"line":70,"column":null}},"21":{"start":{"line":60,"column":8},"end":{"line":60,"column":null}},"22":{"start":{"line":61,"column":8},"end":{"line":61,"column":null}},"23":{"start":{"line":64,"column":23},"end":{"line":64,"column":null}},"24":{"start":{"line":65,"column":8},"end":{"line":65,"column":null}},"25":{"start":{"line":67,"column":23},"end":{"line":67,"column":null}},"26":{"start":{"line":68,"column":23},"end":{"line":68,"column":null}},"27":{"start":{"line":69,"column":23},"end":{"line":69,"column":null}},"28":{"start":{"line":72,"column":4},"end":{"line":72,"column":null}},"29":{"start":{"line":75,"column":2},"end":{"line":80,"column":null}},"30":{"start":{"line":77,"column":22},"end":{"line":77,"column":null}},"31":{"start":{"line":78,"column":39},"end":{"line":78,"column":null}},"32":{"start":{"line":78,"column":55},"end":{"line":78,"column":70}},"33":{"start":{"line":79,"column":23},"end":{"line":79,"column":null}},"34":{"start":{"line":84,"column":22},"end":{"line":84,"column":null}},"35":{"start":{"line":99,"column":2},"end":{"line":110,"column":null}}},"fnMap":{"0":{"name":"createMockKV","decl":{"start":{"line":6,"column":16},"end":{"line":6,"column":44}},"loc":{"start":{"line":6,"column":44},"end":{"line":35,"column":null}},"line":6},"1":{"name":"(anonymous_1)","decl":{"start":{"line":10,"column":9},"end":{"line":10,"column":16}},"loc":{"start":{"line":10,"column":32},"end":{"line":18,"column":null}},"line":10},"2":{"name":"(anonymous_2)","decl":{"start":{"line":19,"column":9},"end":{"line":19,"column":16}},"loc":{"start":{"line":19,"column":82},"end":{"line":24,"column":null}},"line":19},"3":{"name":"(anonymous_3)","decl":{"start":{"line":25,"column":12},"end":{"line":25,"column":19}},"loc":{"start":{"line":25,"column":35},"end":{"line":27,"column":null}},"line":25},"4":{"name":"(anonymous_4)","decl":{"start":{"line":28,"column":10},"end":{"line":28,"column":23}},"loc":{"start":{"line":28,"column":23},"end":{"line":32,"column":null}},"line":28},"5":{"name":"(anonymous_5)","decl":{"start":{"line":29,"column":41},"end":{"line":29,"column":50}},"loc":{"start":{"line":29,"column":50},"end":{"line":29,"column":59}},"line":29},"6":{"name":"(anonymous_6)","decl":{"start":{"line":33,"column":21},"end":{"line":33,"column":34}},"loc":{"start":{"line":33,"column":34},"end":{"line":33,"column":null}},"line":33},"7":{"name":"createMockD1","decl":{"start":{"line":44,"column":16},"end":{"line":44,"column":null}},"loc":{"start":{"line":46,"column":14},"end":{"line":81,"column":null}},"line":46},"8":{"name":"(anonymous_8)","decl":{"start":{"line":47,"column":25},"end":{"line":47,"column":46}},"loc":{"start":{"line":47,"column":46},"end":{"line":51,"column":null}},"line":47},"9":{"name":"(anonymous_9)","decl":{"start":{"line":55,"column":18},"end":{"line":55,"column":19}},"loc":{"start":{"line":55,"column":35},"end":{"line":73,"column":null}},"line":55},"10":{"name":"(anonymous_10)","decl":{"start":{"line":59,"column":12},"end":{"line":59,"column":16}},"loc":{"start":{"line":59,"column":38},"end":{"line":62,"column":null}},"line":59},"11":{"name":"(anonymous_11)","decl":{"start":{"line":63,"column":13},"end":{"line":63,"column":25}},"loc":{"start":{"line":63,"column":25},"end":{"line":66,"column":null}},"line":63},"12":{"name":"(anonymous_12)","decl":{"start":{"line":67,"column":11},"end":{"line":67,"column":23}},"loc":{"start":{"line":67,"column":23},"end":{"line":67,"column":null}},"line":67},"13":{"name":"(anonymous_13)","decl":{"start":{"line":68,"column":11},"end":{"line":68,"column":23}},"loc":{"start":{"line":68,"column":23},"end":{"line":68,"column":null}},"line":68},"14":{"name":"(anonymous_14)","decl":{"start":{"line":69,"column":11},"end":{"line":69,"column":23}},"loc":{"start":{"line":69,"column":23},"end":{"line":69,"column":null}},"line":69},"15":{"name":"(anonymous_15)","decl":{"start":{"line":77,"column":10},"end":{"line":77,"column":22}},"loc":{"start":{"line":77,"column":22},"end":{"line":77,"column":null}},"line":77},"16":{"name":"(anonymous_16)","decl":{"start":{"line":78,"column":11},"end":{"line":78,"column":18}},"loc":{"start":{"line":78,"column":39},"end":{"line":78,"column":null}},"line":78},"17":{"name":"(anonymous_17)","decl":{"start":{"line":78,"column":49},"end":{"line":78,"column":55}},"loc":{"start":{"line":78,"column":55},"end":{"line":78,"column":70}},"line":78},"18":{"name":"(anonymous_18)","decl":{"start":{"line":79,"column":10},"end":{"line":79,"column":23}},"loc":{"start":{"line":79,"column":23},"end":{"line":79,"column":null}},"line":79},"19":{"name":"mockEnv","decl":{"start":{"line":87,"column":16},"end":{"line":87,"column":24}},"loc":{"start":{"line":98,"column":4},"end":{"line":111,"column":null}},"line":98}},"branchMap":{"0":{"loc":{"start":{"line":12,"column":6},"end":{"line":12,"column":null}},"type":"if","locations":[{"start":{"line":12,"column":6},"end":{"line":12,"column":null}},{"start":{},"end":{}}],"line":12},"1":{"loc":{"start":{"line":13,"column":6},"end":{"line":16,"column":null}},"type":"if","locations":[{"start":{"line":13,"column":6},"end":{"line":16,"column":null}},{"start":{},"end":{}}],"line":13},"2":{"loc":{"start":{"line":13,"column":10},"end":{"line":13,"column":68}},"type":"binary-expr","locations":[{"start":{"line":13,"column":10},"end":{"line":13,"column":30}},{"start":{"line":13,"column":30},"end":{"line":13,"column":68}}],"line":13},"3":{"loc":{"start":{"line":20,"column":25},"end":{"line":22,"column":null}},"type":"cond-expr","locations":[{"start":{"line":21,"column":10},"end":{"line":21,"column":null}},{"start":{"line":22,"column":10},"end":{"line":22,"column":null}}],"line":20},"4":{"loc":{"start":{"line":53,"column":18},"end":{"line":53,"column":null}},"type":"binary-expr","locations":[{"start":{"line":53,"column":18},"end":{"line":53,"column":34}},{"start":{"line":53,"column":34},"end":{"line":53,"column":null}}],"line":53},"5":{"loc":{"start":{"line":65,"column":15},"end":{"line":65,"column":null}},"type":"binary-expr","locations":[{"start":{"line":65,"column":15},"end":{"line":65,"column":36}},{"start":{"line":65,"column":36},"end":{"line":65,"column":null}}],"line":65},"6":{"loc":{"start":{"line":100,"column":8},"end":{"line":100,"column":null}},"type":"binary-expr","locations":[{"start":{"line":100,"column":8},"end":{"line":100,"column":25}},{"start":{"line":100,"column":25},"end":{"line":100,"column":null}}],"line":100},"7":{"loc":{"start":{"line":101,"column":8},"end":{"line":101,"column":null}},"type":"binary-expr","locations":[{"start":{"line":101,"column":8},"end":{"line":101,"column":25}},{"start":{"line":101,"column":25},"end":{"line":101,"column":null}}],"line":101},"8":{"loc":{"start":{"line":102,"column":20},"end":{"line":102,"column":null}},"type":"binary-expr","locations":[{"start":{"line":102,"column":20},"end":{"line":102,"column":49}},{"start":{"line":102,"column":49},"end":{"line":102,"column":null}}],"line":102},"9":{"loc":{"start":{"line":103,"column":25},"end":{"line":103,"column":null}},"type":"binary-expr","locations":[{"start":{"line":103,"column":25},"end":{"line":103,"column":59}},{"start":{"line":103,"column":59},"end":{"line":103,"column":null}}],"line":103},"10":{"loc":{"start":{"line":104,"column":23},"end":{"line":104,"column":null}},"type":"binary-expr","locations":[{"start":{"line":104,"column":23},"end":{"line":104,"column":55}},{"start":{"line":104,"column":55},"end":{"line":104,"column":null}}],"line":104},"11":{"loc":{"start":{"line":105,"column":20},"end":{"line":105,"column":null}},"type":"binary-expr","locations":[{"start":{"line":105,"column":20},"end":{"line":105,"column":49}},{"start":{"line":105,"column":49},"end":{"line":105,"column":null}}],"line":105},"12":{"loc":{"start":{"line":106,"column":20},"end":{"line":106,"column":null}},"type":"binary-expr","locations":[{"start":{"line":106,"column":20},"end":{"line":106,"column":49}},{"start":{"line":106,"column":49},"end":{"line":106,"column":null}}],"line":106},"13":{"loc":{"start":{"line":107,"column":24},"end":{"line":107,"column":null}},"type":"binary-expr","locations":[{"start":{"line":107,"column":24},"end":{"line":107,"column":57}},{"start":{"line":107,"column":57},"end":{"line":107,"column":null}}],"line":107},"14":{"loc":{"start":{"line":108,"column":13},"end":{"line":108,"column":null}},"type":"binary-expr","locations":[{"start":{"line":108,"column":13},"end":{"line":108,"column":35}},{"start":{"line":108,"column":35},"end":{"line":108,"column":null}}],"line":108},"15":{"loc":{"start":{"line":109,"column":20},"end":{"line":109,"column":null}},"type":"binary-expr","locations":[{"start":{"line":109,"column":20},"end":{"line":109,"column":49}},{"start":{"line":109,"column":49},"end":{"line":109,"column":null}}],"line":109}},"s":{"0":40,"1":40,"2":29,"3":29,"4":11,"5":18,"6":0,"7":0,"8":18,"9":28,"10":28,"11":0,"12":0,"13":0,"14":0,"15":50,"16":7,"17":50,"18":50,"19":28,"20":28,"21":28,"22":28,"23":0,"24":0,"25":0,"26":10,"27":18,"28":28,"29":50,"30":0,"31":0,"32":0,"33":0,"34":8,"35":7},"f":{"0":40,"1":29,"2":28,"3":0,"4":0,"5":0,"6":0,"7":50,"8":7,"9":28,"10":28,"11":0,"12":0,"13":10,"14":18,"15":0,"16":0,"17":0,"18":0,"19":7},"b":{"0":[11,18],"1":[0,18],"2":[18,16],"3":[26,2],"4":[50,32],"5":[0,0],"6":[7,7],"7":[7,2],"8":[7,7],"9":[7,7],"10":[7,7],"11":[7,7],"12":[7,7],"13":[7,7],"14":[7,7],"15":[7,7]},"meta":{"lastBranch":16,"lastFunction":20,"lastStatement":36,"seen":{"f:6:16:6:44":0,"s:7:16:7:Infinity":0,"s:9:2:34:Infinity":1,"f:10:9:10:16":1,"s:11:20:11:Infinity":2,"b:12:6:12:Infinity:undefined:undefined:undefined:undefined":0,"s:12:6:12:Infinity":3,"s:12:18:12:Infinity":4,"b:13:6:16:Infinity:undefined:undefined:undefined:undefined":1,"s:13:6:16:Infinity":5,"b:13:10:13:30:13:30:13:68":2,"s:14:8:14:Infinity":6,"s:15:8:15:Infinity":7,"s:17:6:17:Infinity":8,"f:19:9:19:16":2,"s:20:25:22:Infinity":9,"b:21:10:21:Infinity:22:10:22:Infinity":3,"s:23:6:23:Infinity":10,"f:25:12:25:19":3,"s:26:6:26:Infinity":11,"f:28:10:28:23":4,"s:28:23:32:Infinity":12,"f:29:41:29:50":5,"s:29:50:29:59":13,"f:33:21:33:34":6,"s:33:34:33:Infinity":14,"f:44:16:44:Infinity":7,"s:47:25:51:Infinity":15,"f:47:25:47:46":8,"s:47:46:51:Infinity":16,"s:53:18:53:Infinity":17,"b:53:18:53:34:53:34:53:Infinity":4,"s:55:18:73:Infinity":18,"f:55:18:55:19":9,"s:56:33:56:Infinity":19,"s:58:17:70:Infinity":20,"f:59:12:59:16":10,"s:60:8:60:Infinity":21,"s:61:8:61:Infinity":22,"f:63:13:63:25":11,"s:64:23:64:Infinity":23,"s:65:8:65:Infinity":24,"b:65:15:65:36:65:36:65:Infinity":5,"f:67:11:67:23":12,"s:67:23:67:Infinity":25,"f:68:11:68:23":13,"s:68:23:68:Infinity":26,"f:69:11:69:23":14,"s:69:23:69:Infinity":27,"s:72:4:72:Infinity":28,"s:75:2:80:Infinity":29,"f:77:10:77:22":15,"s:77:22:77:Infinity":30,"f:78:11:78:18":16,"s:78:39:78:Infinity":31,"f:78:49:78:55":17,"s:78:55:78:70":32,"f:79:10:79:23":18,"s:79:23:79:Infinity":33,"s:84:22:84:Infinity":34,"f:87:16:87:24":19,"s:99:2:110:Infinity":35,"b:100:8:100:25:100:25:100:Infinity":6,"b:101:8:101:25:101:25:101:Infinity":7,"b:102:20:102:49:102:49:102:Infinity":8,"b:103:25:103:59:103:59:103:Infinity":9,"b:104:23:104:55:104:55:104:Infinity":10,"b:105:20:105:49:105:49:105:Infinity":11,"b:106:20:106:49:106:49:106:Infinity":12,"b:107:24:107:57:107:57:107:Infinity":13,"b:108:13:108:35:108:35:108:Infinity":14,"b:109:20:109:49:109:49:109:Infinity":15}}}
,"/Users/z/Developer/spike-land-ai/packages/spike-land-mcp/src/auth/api-key.ts": {"path":"/Users/z/Developer/spike-land-ai/packages/spike-land-mcp/src/auth/api-key.ts","statementMap":{"0":{"start":{"line":6,"column":18},"end":{"line":6,"column":null}},"1":{"start":{"line":7,"column":21},"end":{"line":7,"column":null}},"2":{"start":{"line":8,"column":2},"end":{"line":10,"column":null}},"3":{"start":{"line":9,"column":14},"end":{"line":9,"column":45}},"4":{"start":{"line":17,"column":18},"end":{"line":17,"column":null}},"5":{"start":{"line":19,"column":20},"end":{"line":23,"column":null}},"6":{"start":{"line":25,"column":2},"end":{"line":25,"column":null}},"7":{"start":{"line":25,"column":30},"end":{"line":25,"column":null}},"8":{"start":{"line":27,"column":17},"end":{"line":27,"column":null}},"9":{"start":{"line":28,"column":2},"end":{"line":28,"column":null}},"10":{"start":{"line":28,"column":15},"end":{"line":28,"column":null}},"11":{"start":{"line":29,"column":2},"end":{"line":29,"column":null}},"12":{"start":{"line":29,"column":57},"end":{"line":29,"column":null}},"13":{"start":{"line":32,"column":2},"end":{"line":36,"column":null}},"14":{"start":{"line":38,"column":2},"end":{"line":38,"column":null}}},"fnMap":{"0":{"name":"hashApiKey","decl":{"start":{"line":5,"column":22},"end":{"line":5,"column":33}},"loc":{"start":{"line":5,"column":63},"end":{"line":11,"column":null}},"line":5},"1":{"name":"(anonymous_1)","decl":{"start":{"line":9,"column":9},"end":{"line":9,"column":14}},"loc":{"start":{"line":9,"column":14},"end":{"line":9,"column":45}},"line":9},"2":{"name":"lookupApiKey","decl":{"start":{"line":13,"column":22},"end":{"line":13,"column":null}},"loc":{"start":{"line":16,"column":38},"end":{"line":39,"column":null}},"line":16}},"branchMap":{"0":{"loc":{"start":{"line":25,"column":2},"end":{"line":25,"column":null}},"type":"if","locations":[{"start":{"line":25,"column":2},"end":{"line":25,"column":null}},{"start":{},"end":{}}],"line":25},"1":{"loc":{"start":{"line":28,"column":2},"end":{"line":28,"column":null}},"type":"if","locations":[{"start":{"line":28,"column":2},"end":{"line":28,"column":null}},{"start":{},"end":{}}],"line":28},"2":{"loc":{"start":{"line":29,"column":2},"end":{"line":29,"column":null}},"type":"if","locations":[{"start":{"line":29,"column":2},"end":{"line":29,"column":null}},{"start":{},"end":{}}],"line":29},"3":{"loc":{"start":{"line":29,"column":6},"end":{"line":29,"column":57}},"type":"binary-expr","locations":[{"start":{"line":29,"column":6},"end":{"line":29,"column":26}},{"start":{"line":29,"column":26},"end":{"line":29,"column":57}}],"line":29}},"s":{"0":11,"1":11,"2":11,"3":352,"4":6,"5":6,"6":6,"7":3,"8":3,"9":3,"10":0,"11":3,"12":1,"13":2,"14":2},"f":{"0":11,"1":352,"2":6},"b":{"0":[3,3],"1":[0,3],"2":[1,2],"3":[3,2]},"meta":{"lastBranch":4,"lastFunction":3,"lastStatement":15,"seen":{"f:5:22:5:33":0,"s:6:18:6:Infinity":0,"s:7:21:7:Infinity":1,"s:8:2:10:Infinity":2,"f:9:9:9:14":1,"s:9:14:9:45":3,"f:13:22:13:Infinity":2,"s:17:18:17:Infinity":4,"s:19:20:23:Infinity":5,"b:25:2:25:Infinity:undefined:undefined:undefined:undefined":0,"s:25:2:25:Infinity":6,"s:25:30:25:Infinity":7,"s:27:17:27:Infinity":8,"b:28:2:28:Infinity:undefined:undefined:undefined:undefined":1,"s:28:2:28:Infinity":9,"s:28:15:28:Infinity":10,"b:29:2:29:Infinity:undefined:undefined:undefined:undefined":2,"s:29:2:29:Infinity":11,"b:29:6:29:26:29:26:29:57":3,"s:29:57:29:Infinity":12,"s:32:2:36:Infinity":13,"s:38:2:38:Infinity":14}}}
,"/Users/z/Developer/spike-land-ai/packages/spike-land-mcp/src/auth/jwt.ts": {"path":"/Users/z/Developer/spike-land-ai/packages/spike-land-mcp/src/auth/jwt.ts","statementMap":{"0":{"start":{"line":14,"column":16},"end":{"line":14,"column":null}},"1":{"start":{"line":15,"column":12},"end":{"line":15,"column":null}},"2":{"start":{"line":16,"column":2},"end":{"line":16,"column":null}},"3":{"start":{"line":16,"column":25},"end":{"line":16,"column":null}},"4":{"start":{"line":17,"column":2},"end":{"line":17,"column":null}},"5":{"start":{"line":21,"column":17},"end":{"line":21,"column":null}},"6":{"start":{"line":22,"column":8},"end":{"line":22,"column":null}},"7":{"start":{"line":23,"column":17},"end":{"line":23,"column":null}},"8":{"start":{"line":24,"column":2},"end":{"line":24,"column":null}},"9":{"start":{"line":24,"column":38},"end":{"line":24,"column":53}},"10":{"start":{"line":28,"column":14},"end":{"line":28,"column":null}},"11":{"start":{"line":29,"column":2},"end":{"line":35,"column":null}},"12":{"start":{"line":39,"column":14},"end":{"line":39,"column":null}},"13":{"start":{"line":40,"column":22},"end":{"line":40,"column":null}},"14":{"start":{"line":42,"column":17},"end":{"line":42,"column":null}},"15":{"start":{"line":43,"column":15},"end":{"line":43,"column":null}},"16":{"start":{"line":44,"column":23},"end":{"line":44,"column":null}},"17":{"start":{"line":46,"column":14},"end":{"line":46,"column":null}},"18":{"start":{"line":47,"column":20},"end":{"line":51,"column":null}},"19":{"start":{"line":53,"column":2},"end":{"line":53,"column":null}},"20":{"start":{"line":57,"column":16},"end":{"line":57,"column":null}},"21":{"start":{"line":58,"column":2},"end":{"line":58,"column":null}},"22":{"start":{"line":58,"column":26},"end":{"line":58,"column":null}},"23":{"start":{"line":60,"column":30},"end":{"line":60,"column":null}},"24":{"start":{"line":61,"column":23},"end":{"line":61,"column":null}},"25":{"start":{"line":63,"column":14},"end":{"line":63,"column":null}},"26":{"start":{"line":64,"column":25},"end":{"line":64,"column":null}},"27":{"start":{"line":66,"column":16},"end":{"line":71,"column":null}},"28":{"start":{"line":72,"column":2},"end":{"line":72,"column":null}},"29":{"start":{"line":72,"column":14},"end":{"line":72,"column":null}},"30":{"start":{"line":74,"column":2},"end":{"line":81,"column":null}},"31":{"start":{"line":75,"column":20},"end":{"line":75,"column":null}},"32":{"start":{"line":76,"column":16},"end":{"line":76,"column":null}},"33":{"start":{"line":77,"column":4},"end":{"line":77,"column":null}},"34":{"start":{"line":77,"column":42},"end":{"line":77,"column":null}},"35":{"start":{"line":78,"column":4},"end":{"line":78,"column":null}},"36":{"start":{"line":80,"column":4},"end":{"line":80,"column":null}}},"fnMap":{"0":{"name":"base64UrlEncode","decl":{"start":{"line":13,"column":9},"end":{"line":13,"column":25}},"loc":{"start":{"line":13,"column":70},"end":{"line":18,"column":null}},"line":13},"1":{"name":"base64UrlDecode","decl":{"start":{"line":20,"column":9},"end":{"line":20,"column":25}},"loc":{"start":{"line":20,"column":50},"end":{"line":25,"column":null}},"line":20},"2":{"name":"(anonymous_2)","decl":{"start":{"line":24,"column":33},"end":{"line":24,"column":38}},"loc":{"start":{"line":24,"column":38},"end":{"line":24,"column":53}},"line":24},"3":{"name":"importKey","decl":{"start":{"line":27,"column":15},"end":{"line":27,"column":25}},"loc":{"start":{"line":27,"column":61},"end":{"line":36,"column":null}},"line":27},"4":{"name":"signJwt","decl":{"start":{"line":38,"column":22},"end":{"line":38,"column":30}},"loc":{"start":{"line":38,"column":97},"end":{"line":54,"column":null}},"line":38},"5":{"name":"verifyJwt","decl":{"start":{"line":56,"column":22},"end":{"line":56,"column":32}},"loc":{"start":{"line":56,"column":91},"end":{"line":82,"column":null}},"line":56}},"branchMap":{"0":{"loc":{"start":{"line":58,"column":2},"end":{"line":58,"column":null}},"type":"if","locations":[{"start":{"line":58,"column":2},"end":{"line":58,"column":null}},{"start":{},"end":{}}],"line":58},"1":{"loc":{"start":{"line":72,"column":2},"end":{"line":72,"column":null}},"type":"if","locations":[{"start":{"line":72,"column":2},"end":{"line":72,"column":null}},{"start":{},"end":{}}],"line":72},"2":{"loc":{"start":{"line":77,"column":4},"end":{"line":77,"column":null}},"type":"if","locations":[{"start":{"line":77,"column":4},"end":{"line":77,"column":null}},{"start":{},"end":{}}],"line":77},"3":{"loc":{"start":{"line":77,"column":8},"end":{"line":77,"column":42}},"type":"binary-expr","locations":[{"start":{"line":77,"column":8},"end":{"line":77,"column":23}},{"start":{"line":77,"column":23},"end":{"line":77,"column":42}}],"line":77}},"s":{"0":15,"1":15,"2":15,"3":570,"4":15,"5":8,"6":8,"7":8,"8":8,"9":331,"10":10,"11":10,"12":5,"13":5,"14":5,"15":5,"16":5,"17":5,"18":5,"19":5,"20":7,"21":7,"22":2,"23":5,"24":5,"25":5,"26":5,"27":5,"28":5,"29":2,"30":3,"31":3,"32":3,"33":3,"34":1,"35":2,"36":0},"f":{"0":15,"1":8,"2":331,"3":10,"4":5,"5":7},"b":{"0":[2,5],"1":[2,3],"2":[1,2],"3":[3,3]},"meta":{"lastBranch":4,"lastFunction":6,"lastStatement":37,"seen":{"f:13:9:13:25":0,"s:14:16:14:Infinity":0,"s:15:12:15:Infinity":1,"s:16:2:16:Infinity":2,"s:16:25:16:Infinity":3,"s:17:2:17:Infinity":4,"f:20:9:20:25":1,"s:21:17:21:Infinity":5,"s:22:8:22:Infinity":6,"s:23:17:23:Infinity":7,"s:24:2:24:Infinity":8,"f:24:33:24:38":2,"s:24:38:24:53":9,"f:27:15:27:25":3,"s:28:14:28:Infinity":10,"s:29:2:35:Infinity":11,"f:38:22:38:30":4,"s:39:14:39:Infinity":12,"s:40:22:40:Infinity":13,"s:42:17:42:Infinity":14,"s:43:15:43:Infinity":15,"s:44:23:44:Infinity":16,"s:46:14:46:Infinity":17,"s:47:20:51:Infinity":18,"s:53:2:53:Infinity":19,"f:56:22:56:32":5,"s:57:16:57:Infinity":20,"b:58:2:58:Infinity:undefined:undefined:undefined:undefined":0,"s:58:2:58:Infinity":21,"s:58:26:58:Infinity":22,"s:60:30:60:Infinity":23,"s:61:23:61:Infinity":24,"s:63:14:63:Infinity":25,"s:64:25:64:Infinity":26,"s:66:16:71:Infinity":27,"b:72:2:72:Infinity:undefined:undefined:undefined:undefined":1,"s:72:2:72:Infinity":28,"s:72:14:72:Infinity":29,"s:74:2:81:Infinity":30,"s:75:20:75:Infinity":31,"s:76:16:76:Infinity":32,"b:77:4:77:Infinity:undefined:undefined:undefined:undefined":2,"s:77:4:77:Infinity":33,"b:77:8:77:23:77:23:77:42":3,"s:77:42:77:Infinity":34,"s:78:4:78:Infinity":35,"s:80:4:80:Infinity":36}}}
,"/Users/z/Developer/spike-land-ai/packages/spike-land-mcp/src/auth/middleware.ts": {"path":"/Users/z/Developer/spike-land-ai/packages/spike-land-mcp/src/auth/middleware.ts","statementMap":{"0":{"start":{"line":9,"column":18},"end":{"line":9,"column":null}},"1":{"start":{"line":10,"column":21},"end":{"line":10,"column":null}},"2":{"start":{"line":11,"column":2},"end":{"line":13,"column":null}},"3":{"start":{"line":12,"column":14},"end":{"line":12,"column":45}},"4":{"start":{"line":20,"column":13},"end":{"line":77,"column":null}},"5":{"start":{"line":24,"column":21},"end":{"line":24,"column":null}},"6":{"start":{"line":26,"column":2},"end":{"line":40,"column":null}},"7":{"start":{"line":27,"column":4},"end":{"line":39,"column":null}},"8":{"start":{"line":42,"column":16},"end":{"line":42,"column":null}},"9":{"start":{"line":43,"column":8},"end":{"line":43,"column":null}},"10":{"start":{"line":45,"column":30},"end":{"line":45,"column":null}},"11":{"start":{"line":47,"column":2},"end":{"line":68,"column":null}},"12":{"start":{"line":49,"column":19},"end":{"line":49,"column":null}},"13":{"start":{"line":50,"column":4},"end":{"line":50,"column":null}},"14":{"start":{"line":51,"column":2},"end":{"line":68,"column":null}},"15":{"start":{"line":53,"column":22},"end":{"line":53,"column":null}},"16":{"start":{"line":54,"column":16},"end":{"line":54,"column":null}},"17":{"start":{"line":56,"column":19},"end":{"line":65,"column":null}},"18":{"start":{"line":67,"column":4},"end":{"line":67,"column":null}},"19":{"start":{"line":70,"column":2},"end":{"line":72,"column":null}},"20":{"start":{"line":71,"column":4},"end":{"line":71,"column":null}},"21":{"start":{"line":74,"column":2},"end":{"line":74,"column":null}},"22":{"start":{"line":75,"column":2},"end":{"line":75,"column":null}},"23":{"start":{"line":76,"column":2},"end":{"line":76,"column":null}}},"fnMap":{"0":{"name":"hashToken","decl":{"start":{"line":8,"column":15},"end":{"line":8,"column":25}},"loc":{"start":{"line":8,"column":57},"end":{"line":14,"column":null}},"line":8},"1":{"name":"(anonymous_1)","decl":{"start":{"line":12,"column":9},"end":{"line":12,"column":14}},"loc":{"start":{"line":12,"column":14},"end":{"line":12,"column":45}},"line":12},"2":{"name":"(anonymous_2)","decl":{"start":{"line":23,"column":3},"end":{"line":23,"column":10}},"loc":{"start":{"line":23,"column":22},"end":{"line":77,"column":1}},"line":23}},"branchMap":{"0":{"loc":{"start":{"line":26,"column":2},"end":{"line":40,"column":null}},"type":"if","locations":[{"start":{"line":26,"column":2},"end":{"line":40,"column":null}},{"start":{},"end":{}}],"line":26},"1":{"loc":{"start":{"line":47,"column":2},"end":{"line":68,"column":null}},"type":"if","locations":[{"start":{"line":47,"column":2},"end":{"line":68,"column":null}},{"start":{"line":51,"column":2},"end":{"line":68,"column":null}}],"line":47},"2":{"loc":{"start":{"line":50,"column":13},"end":{"line":50,"column":null}},"type":"binary-expr","locations":[{"start":{"line":50,"column":13},"end":{"line":50,"column":31}},{"start":{"line":50,"column":31},"end":{"line":50,"column":null}}],"line":50},"3":{"loc":{"start":{"line":51,"column":2},"end":{"line":68,"column":null}},"type":"if","locations":[{"start":{"line":51,"column":2},"end":{"line":68,"column":null}},{"start":{},"end":{}}],"line":51},"4":{"loc":{"start":{"line":67,"column":13},"end":{"line":67,"column":null}},"type":"binary-expr","locations":[{"start":{"line":67,"column":13},"end":{"line":67,"column":34}},{"start":{"line":67,"column":34},"end":{"line":67,"column":null}}],"line":67},"5":{"loc":{"start":{"line":70,"column":2},"end":{"line":72,"column":null}},"type":"if","locations":[{"start":{"line":70,"column":2},"end":{"line":72,"column":null}},{"start":{},"end":{}}],"line":70}},"s":{"0":1,"1":1,"2":1,"3":32,"4":1,"5":7,"6":7,"7":3,"8":4,"9":4,"10":4,"11":4,"12":2,"13":2,"14":2,"15":1,"16":1,"17":1,"18":1,"19":4,"20":4,"21":0,"22":0,"23":0},"f":{"0":1,"1":32,"2":7},"b":{"0":[3,4],"1":[2,2],"2":[2,2],"3":[1,1],"4":[1,1],"5":[4,0]},"meta":{"lastBranch":6,"lastFunction":3,"lastStatement":24,"seen":{"f:8:15:8:25":0,"s:9:18:9:Infinity":0,"s:10:21:10:Infinity":1,"s:11:2:13:Infinity":2,"f:12:9:12:14":1,"s:12:14:12:45":3,"s:20:13:77:Infinity":4,"f:23:3:23:10":2,"s:24:21:24:Infinity":5,"b:26:2:40:Infinity:undefined:undefined:undefined:undefined":0,"s:26:2:40:Infinity":6,"s:27:4:39:Infinity":7,"s:42:16:42:Infinity":8,"s:43:8:43:Infinity":9,"s:45:30:45:Infinity":10,"b:47:2:68:Infinity:51:2:68:Infinity":1,"s:47:2:68:Infinity":11,"s:49:19:49:Infinity":12,"s:50:4:50:Infinity":13,"b:50:13:50:31:50:31:50:Infinity":2,"b:51:2:68:Infinity:undefined:undefined:undefined:undefined":3,"s:51:2:68:Infinity":14,"s:53:22:53:Infinity":15,"s:54:16:54:Infinity":16,"s:56:19:65:Infinity":17,"s:67:4:67:Infinity":18,"b:67:13:67:34:67:34:67:Infinity":4,"b:70:2:72:Infinity:undefined:undefined:undefined:undefined":5,"s:70:2:72:Infinity":19,"s:71:4:71:Infinity":20,"s:74:2:74:Infinity":21,"s:75:2:75:Infinity":22,"s:76:2:76:Infinity":23}}}
,"/Users/z/Developer/spike-land-ai/packages/spike-land-mcp/src/auth/oauth-device.ts": {"path":"/Users/z/Developer/spike-land-ai/packages/spike-land-mcp/src/auth/oauth-device.ts","statementMap":{"0":{"start":{"line":6,"column":16},"end":{"line":6,"column":null}},"1":{"start":{"line":7,"column":13},"end":{"line":7,"column":null}},"2":{"start":{"line":8,"column":16},"end":{"line":8,"column":null}},"3":{"start":{"line":9,"column":2},"end":{"line":9,"column":null}},"4":{"start":{"line":10,"column":2},"end":{"line":12,"column":null}},"5":{"start":{"line":11,"column":4},"end":{"line":11,"column":null}},"6":{"start":{"line":13,"column":2},"end":{"line":13,"column":null}},"7":{"start":{"line":17,"column":16},"end":{"line":17,"column":null}},"8":{"start":{"line":18,"column":2},"end":{"line":18,"column":null}},"9":{"start":{"line":19,"column":14},"end":{"line":19,"column":null}},"10":{"start":{"line":19,"column":41},"end":{"line":19,"column":72}},"11":{"start":{"line":20,"column":2},"end":{"line":20,"column":null}},"12":{"start":{"line":24,"column":18},"end":{"line":24,"column":null}},"13":{"start":{"line":25,"column":21},"end":{"line":25,"column":null}},"14":{"start":{"line":26,"column":2},"end":{"line":28,"column":null}},"15":{"start":{"line":27,"column":14},"end":{"line":27,"column":45}},"16":{"start":{"line":35,"column":21},"end":{"line":35,"column":null}},"17":{"start":{"line":36,"column":19},"end":{"line":36,"column":null}},"18":{"start":{"line":37,"column":20},"end":{"line":37,"column":null}},"19":{"start":{"line":38,"column":20},"end":{"line":38,"column":null}},"20":{"start":{"line":40,"column":2},"end":{"line":49,"column":null}},"21":{"start":{"line":51,"column":2},"end":{"line":51,"column":null}},"22":{"start":{"line":59,"column":14},"end":{"line":59,"column":null}},"23":{"start":{"line":61,"column":17},"end":{"line":70,"column":null}},"24":{"start":{"line":72,"column":2},"end":{"line":74,"column":null}},"25":{"start":{"line":73,"column":4},"end":{"line":73,"column":null}},"26":{"start":{"line":76,"column":2},"end":{"line":79,"column":null}},"27":{"start":{"line":81,"column":2},"end":{"line":81,"column":null}},"28":{"start":{"line":88,"column":14},"end":{"line":88,"column":null}},"29":{"start":{"line":90,"column":17},"end":{"line":99,"column":null}},"30":{"start":{"line":101,"column":2},"end":{"line":103,"column":null}},"31":{"start":{"line":102,"column":4},"end":{"line":102,"column":null}},"32":{"start":{"line":105,"column":15},"end":{"line":105,"column":null}},"33":{"start":{"line":106,"column":2},"end":{"line":108,"column":null}},"34":{"start":{"line":107,"column":4},"end":{"line":107,"column":null}},"35":{"start":{"line":110,"column":2},"end":{"line":112,"column":null}},"36":{"start":{"line":111,"column":4},"end":{"line":111,"column":null}},"37":{"start":{"line":115,"column":19},"end":{"line":115,"column":null}},"38":{"start":{"line":116,"column":20},"end":{"line":116,"column":null}},"39":{"start":{"line":117,"column":20},"end":{"line":117,"column":null}},"40":{"start":{"line":119,"column":2},"end":{"line":127,"column":null}},"41":{"start":{"line":130,"column":2},"end":{"line":130,"column":null}},"42":{"start":{"line":132,"column":2},"end":{"line":136,"column":null}}},"fnMap":{"0":{"name":"generateUserCode","decl":{"start":{"line":5,"column":9},"end":{"line":5,"column":36}},"loc":{"start":{"line":5,"column":36},"end":{"line":14,"column":null}},"line":5},"1":{"name":"generateCode","decl":{"start":{"line":16,"column":9},"end":{"line":16,"column":22}},"loc":{"start":{"line":16,"column":59},"end":{"line":21,"column":null}},"line":16},"2":{"name":"(anonymous_2)","decl":{"start":{"line":19,"column":36},"end":{"line":19,"column":41}},"loc":{"start":{"line":19,"column":41},"end":{"line":19,"column":72}},"line":19},"3":{"name":"hashToken","decl":{"start":{"line":23,"column":15},"end":{"line":23,"column":25}},"loc":{"start":{"line":23,"column":57},"end":{"line":29,"column":null}},"line":23},"4":{"name":"(anonymous_4)","decl":{"start":{"line":27,"column":9},"end":{"line":27,"column":14}},"loc":{"start":{"line":27,"column":14},"end":{"line":27,"column":45}},"line":27},"5":{"name":"createDeviceCode","decl":{"start":{"line":31,"column":22},"end":{"line":31,"column":null}},"loc":{"start":{"line":34,"column":72},"end":{"line":52,"column":null}},"line":34},"6":{"name":"approveDeviceCode","decl":{"start":{"line":54,"column":22},"end":{"line":54,"column":null}},"loc":{"start":{"line":58,"column":44},"end":{"line":82,"column":null}},"line":58},"7":{"name":"exchangeDeviceCode","decl":{"start":{"line":84,"column":22},"end":{"line":84,"column":null}},"loc":{"start":{"line":87,"column":116},"end":{"line":137,"column":null}},"line":87}},"branchMap":{"0":{"loc":{"start":{"line":16,"column":38},"end":{"line":16,"column":59}},"type":"default-arg","locations":[{"start":{"line":16,"column":47},"end":{"line":16,"column":59}}],"line":16},"1":{"loc":{"start":{"line":44,"column":11},"end":{"line":44,"column":null}},"type":"binary-expr","locations":[{"start":{"line":44,"column":11},"end":{"line":44,"column":28}},{"start":{"line":44,"column":28},"end":{"line":44,"column":null}}],"line":44},"2":{"loc":{"start":{"line":45,"column":14},"end":{"line":45,"column":null}},"type":"binary-expr","locations":[{"start":{"line":45,"column":14},"end":{"line":45,"column":34}},{"start":{"line":45,"column":34},"end":{"line":45,"column":null}}],"line":45},"3":{"loc":{"start":{"line":72,"column":2},"end":{"line":74,"column":null}},"type":"if","locations":[{"start":{"line":72,"column":2},"end":{"line":74,"column":null}},{"start":{},"end":{}}],"line":72},"4":{"loc":{"start":{"line":101,"column":2},"end":{"line":103,"column":null}},"type":"if","locations":[{"start":{"line":101,"column":2},"end":{"line":103,"column":null}},{"start":{},"end":{}}],"line":101},"5":{"loc":{"start":{"line":106,"column":2},"end":{"line":108,"column":null}},"type":"if","locations":[{"start":{"line":106,"column":2},"end":{"line":108,"column":null}},{"start":{},"end":{}}],"line":106},"6":{"loc":{"start":{"line":110,"column":2},"end":{"line":112,"column":null}},"type":"if","locations":[{"start":{"line":110,"column":2},"end":{"line":112,"column":null}},{"start":{},"end":{}}],"line":110},"7":{"loc":{"start":{"line":110,"column":6},"end":{"line":110,"column":38}},"type":"binary-expr","locations":[{"start":{"line":110,"column":6},"end":{"line":110,"column":24}},{"start":{"line":110,"column":24},"end":{"line":110,"column":38}}],"line":110}},"s":{"0":9,"1":9,"2":9,"3":9,"4":9,"5":72,"6":9,"7":9,"8":9,"9":9,"10":288,"11":9,"12":0,"13":0,"14":0,"15":0,"16":9,"17":9,"18":9,"19":9,"20":9,"21":9,"22":4,"23":4,"24":4,"25":3,"26":1,"27":1,"28":5,"29":5,"30":5,"31":3,"32":2,"33":2,"34":0,"35":2,"36":2,"37":0,"38":0,"39":0,"40":0,"41":0,"42":0},"f":{"0":9,"1":9,"2":288,"3":0,"4":0,"5":9,"6":4,"7":5},"b":{"0":[9],"1":[9,4],"2":[9,7],"3":[3,1],"4":[3,2],"5":[0,2],"6":[2,0],"7":[2,0]},"meta":{"lastBranch":8,"lastFunction":8,"lastStatement":43,"seen":{"f:5:9:5:36":0,"s:6:16:6:Infinity":0,"s:7:13:7:Infinity":1,"s:8:16:8:Infinity":2,"s:9:2:9:Infinity":3,"s:10:2:12:Infinity":4,"s:11:4:11:Infinity":5,"s:13:2:13:Infinity":6,"f:16:9:16:22":1,"b:16:47:16:59":0,"s:17:16:17:Infinity":7,"s:18:2:18:Infinity":8,"s:19:14:19:Infinity":9,"f:19:36:19:41":2,"s:19:41:19:72":10,"s:20:2:20:Infinity":11,"f:23:15:23:25":3,"s:24:18:24:Infinity":12,"s:25:21:25:Infinity":13,"s:26:2:28:Infinity":14,"f:27:9:27:14":4,"s:27:14:27:45":15,"f:31:22:31:Infinity":5,"s:35:21:35:Infinity":16,"s:36:19:36:Infinity":17,"s:37:20:37:Infinity":18,"s:38:20:38:Infinity":19,"s:40:2:49:Infinity":20,"b:44:11:44:28:44:28:44:Infinity":1,"b:45:14:45:34:45:34:45:Infinity":2,"s:51:2:51:Infinity":21,"f:54:22:54:Infinity":6,"s:59:14:59:Infinity":22,"s:61:17:70:Infinity":23,"b:72:2:74:Infinity:undefined:undefined:undefined:undefined":3,"s:72:2:74:Infinity":24,"s:73:4:73:Infinity":25,"s:76:2:79:Infinity":26,"s:81:2:81:Infinity":27,"f:84:22:84:Infinity":7,"s:88:14:88:Infinity":28,"s:90:17:99:Infinity":29,"b:101:2:103:Infinity:undefined:undefined:undefined:undefined":4,"s:101:2:103:Infinity":30,"s:102:4:102:Infinity":31,"s:105:15:105:Infinity":32,"b:106:2:108:Infinity:undefined:undefined:undefined:undefined":5,"s:106:2:108:Infinity":33,"s:107:4:107:Infinity":34,"b:110:2:112:Infinity:undefined:undefined:undefined:undefined":6,"s:110:2:112:Infinity":35,"b:110:6:110:24:110:24:110:38":7,"s:111:4:111:Infinity":36,"s:115:19:115:Infinity":37,"s:116:20:116:Infinity":38,"s:117:20:117:Infinity":39,"s:119:2:127:Infinity":40,"s:130:2:130:Infinity":41,"s:132:2:136:Infinity":42}}}
,"/Users/z/Developer/spike-land-ai/packages/spike-land-mcp/src/db/index.ts": {"path":"/Users/z/Developer/spike-land-ai/packages/spike-land-mcp/src/db/index.ts","statementMap":{"0":{"start":{"line":7,"column":2},"end":{"line":7,"column":null}}},"fnMap":{"0":{"name":"createDb","decl":{"start":{"line":6,"column":16},"end":{"line":6,"column":25}},"loc":{"start":{"line":6,"column":41},"end":{"line":8,"column":null}},"line":6}},"branchMap":{},"s":{"0":32},"f":{"0":32},"b":{},"meta":{"lastBranch":0,"lastFunction":1,"lastStatement":1,"seen":{"f:6:16:6:25":0,"s:7:2:7:Infinity":0}}}
,"/Users/z/Developer/spike-land-ai/packages/spike-land-mcp/src/db/schema.ts": {"path":"/Users/z/Developer/spike-land-ai/packages/spike-land-mcp/src/db/schema.ts","statementMap":{"0":{"start":{"line":6,"column":13},"end":{"line":14,"column":null}},"1":{"start":{"line":18,"column":13},"end":{"line":29,"column":null}},"2":{"start":{"line":20,"column":53},"end":{"line":20,"column":63}},"3":{"start":{"line":26,"column":11},"end":{"line":29,"column":2}},"4":{"start":{"line":33,"column":13},"end":{"line":40,"column":null}},"5":{"start":{"line":44,"column":13},"end":{"line":55,"column":null}},"6":{"start":{"line":46,"column":53},"end":{"line":46,"column":63}},"7":{"start":{"line":47,"column":47},"end":{"line":47,"column":64}},"8":{"start":{"line":52,"column":11},"end":{"line":55,"column":2}},"9":{"start":{"line":59,"column":13},"end":{"line":72,"column":null}},"10":{"start":{"line":61,"column":43},"end":{"line":61,"column":53}},"11":{"start":{"line":69,"column":11},"end":{"line":72,"column":2}},"12":{"start":{"line":76,"column":13},"end":{"line":89,"column":null}},"13":{"start":{"line":78,"column":55},"end":{"line":78,"column":65}},"14":{"start":{"line":86,"column":11},"end":{"line":89,"column":2}},"15":{"start":{"line":93,"column":13},"end":{"line":102,"column":null}},"16":{"start":{"line":95,"column":63},"end":{"line":95,"column":78}},"17":{"start":{"line":96,"column":53},"end":{"line":96,"column":63}},"18":{"start":{"line":99,"column":11},"end":{"line":102,"column":2}},"19":{"start":{"line":106,"column":13},"end":{"line":118,"column":null}},"20":{"start":{"line":108,"column":53},"end":{"line":108,"column":63}},"21":{"start":{"line":116,"column":11},"end":{"line":118,"column":2}},"22":{"start":{"line":122,"column":13},"end":{"line":133,"column":null}},"23":{"start":{"line":124,"column":53},"end":{"line":124,"column":63}},"24":{"start":{"line":125,"column":53},"end":{"line":125,"column":68}},"25":{"start":{"line":131,"column":11},"end":{"line":133,"column":2}},"26":{"start":{"line":137,"column":13},"end":{"line":145,"column":null}},"27":{"start":{"line":139,"column":55},"end":{"line":139,"column":76}},"28":{"start":{"line":143,"column":11},"end":{"line":145,"column":2}},"29":{"start":{"line":149,"column":13},"end":{"line":160,"column":null}},"30":{"start":{"line":151,"column":53},"end":{"line":151,"column":63}},"31":{"start":{"line":152,"column":45},"end":{"line":152,"column":66}},"32":{"start":{"line":158,"column":11},"end":{"line":160,"column":2}},"33":{"start":{"line":164,"column":13},"end":{"line":174,"column":null}},"34":{"start":{"line":166,"column":53},"end":{"line":166,"column":63}},"35":{"start":{"line":167,"column":53},"end":{"line":167,"column":68}},"36":{"start":{"line":172,"column":11},"end":{"line":174,"column":2}},"37":{"start":{"line":178,"column":13},"end":{"line":189,"column":null}},"38":{"start":{"line":180,"column":43},"end":{"line":180,"column":53}},"39":{"start":{"line":186,"column":11},"end":{"line":189,"column":2}},"40":{"start":{"line":193,"column":13},"end":{"line":207,"column":null}},"41":{"start":{"line":195,"column":43},"end":{"line":195,"column":53}},"42":{"start":{"line":204,"column":11},"end":{"line":207,"column":2}},"43":{"start":{"line":211,"column":13},"end":{"line":221,"column":null}},"44":{"start":{"line":213,"column":57},"end":{"line":213,"column":67}},"45":{"start":{"line":214,"column":63},"end":{"line":214,"column":73}},"46":{"start":{"line":218,"column":11},"end":{"line":221,"column":2}},"47":{"start":{"line":225,"column":13},"end":{"line":234,"column":null}},"48":{"start":{"line":227,"column":53},"end":{"line":227,"column":63}},"49":{"start":{"line":232,"column":11},"end":{"line":234,"column":2}},"50":{"start":{"line":238,"column":13},"end":{"line":252,"column":null}},"51":{"start":{"line":240,"column":53},"end":{"line":240,"column":63}},"52":{"start":{"line":249,"column":11},"end":{"line":252,"column":2}},"53":{"start":{"line":256,"column":13},"end":{"line":270,"column":null}},"54":{"start":{"line":256,"column":62},"end":{"line":270,"column":2}},"55":{"start":{"line":272,"column":13},"end":{"line":274,"column":null}},"56":{"start":{"line":272,"column":65},"end":{"line":274,"column":2}},"57":{"start":{"line":276,"column":13},"end":{"line":281,"column":null}},"58":{"start":{"line":276,"column":77},"end":{"line":281,"column":2}},"59":{"start":{"line":283,"column":13},"end":{"line":286,"column":null}},"60":{"start":{"line":283,"column":83},"end":{"line":286,"column":2}},"61":{"start":{"line":288,"column":13},"end":{"line":293,"column":null}},"62":{"start":{"line":288,"column":89},"end":{"line":293,"column":2}},"63":{"start":{"line":295,"column":13},"end":{"line":297,"column":null}},"64":{"start":{"line":295,"column":77},"end":{"line":297,"column":2}},"65":{"start":{"line":299,"column":13},"end":{"line":302,"column":null}},"66":{"start":{"line":299,"column":79},"end":{"line":302,"column":2}},"67":{"start":{"line":304,"column":13},"end":{"line":307,"column":null}},"68":{"start":{"line":304,"column":75},"end":{"line":307,"column":2}},"69":{"start":{"line":309,"column":13},"end":{"line":311,"column":null}},"70":{"start":{"line":309,"column":81},"end":{"line":311,"column":2}},"71":{"start":{"line":313,"column":13},"end":{"line":315,"column":null}},"72":{"start":{"line":313,"column":69},"end":{"line":315,"column":2}},"73":{"start":{"line":317,"column":13},"end":{"line":319,"column":null}},"74":{"start":{"line":317,"column":69},"end":{"line":319,"column":2}},"75":{"start":{"line":321,"column":13},"end":{"line":323,"column":null}},"76":{"start":{"line":321,"column":83},"end":{"line":323,"column":2}}},"fnMap":{"0":{"name":"(anonymous_0)","decl":{"start":{"line":20,"column":47},"end":{"line":20,"column":53}},"loc":{"start":{"line":20,"column":53},"end":{"line":20,"column":63}},"line":20},"1":{"name":"(anonymous_1)","decl":{"start":{"line":26,"column":3},"end":{"line":26,"column":4}},"loc":{"start":{"line":26,"column":11},"end":{"line":29,"column":2}},"line":26},"2":{"name":"(anonymous_2)","decl":{"start":{"line":46,"column":47},"end":{"line":46,"column":53}},"loc":{"start":{"line":46,"column":53},"end":{"line":46,"column":63}},"line":46},"3":{"name":"(anonymous_3)","decl":{"start":{"line":47,"column":41},"end":{"line":47,"column":47}},"loc":{"start":{"line":47,"column":47},"end":{"line":47,"column":64}},"line":47},"4":{"name":"(anonymous_4)","decl":{"start":{"line":52,"column":3},"end":{"line":52,"column":4}},"loc":{"start":{"line":52,"column":11},"end":{"line":55,"column":2}},"line":52},"5":{"name":"(anonymous_5)","decl":{"start":{"line":61,"column":37},"end":{"line":61,"column":43}},"loc":{"start":{"line":61,"column":43},"end":{"line":61,"column":53}},"line":61},"6":{"name":"(anonymous_6)","decl":{"start":{"line":69,"column":3},"end":{"line":69,"column":4}},"loc":{"start":{"line":69,"column":11},"end":{"line":72,"column":2}},"line":69},"7":{"name":"(anonymous_7)","decl":{"start":{"line":78,"column":49},"end":{"line":78,"column":55}},"loc":{"start":{"line":78,"column":55},"end":{"line":78,"column":65}},"line":78},"8":{"name":"(anonymous_8)","decl":{"start":{"line":86,"column":3},"end":{"line":86,"column":4}},"loc":{"start":{"line":86,"column":11},"end":{"line":89,"column":2}},"line":86},"9":{"name":"(anonymous_9)","decl":{"start":{"line":95,"column":57},"end":{"line":95,"column":63}},"loc":{"start":{"line":95,"column":63},"end":{"line":95,"column":78}},"line":95},"10":{"name":"(anonymous_10)","decl":{"start":{"line":96,"column":47},"end":{"line":96,"column":53}},"loc":{"start":{"line":96,"column":53},"end":{"line":96,"column":63}},"line":96},"11":{"name":"(anonymous_11)","decl":{"start":{"line":99,"column":3},"end":{"line":99,"column":4}},"loc":{"start":{"line":99,"column":11},"end":{"line":102,"column":2}},"line":99},"12":{"name":"(anonymous_12)","decl":{"start":{"line":108,"column":47},"end":{"line":108,"column":53}},"loc":{"start":{"line":108,"column":53},"end":{"line":108,"column":63}},"line":108},"13":{"name":"(anonymous_13)","decl":{"start":{"line":116,"column":3},"end":{"line":116,"column":4}},"loc":{"start":{"line":116,"column":11},"end":{"line":118,"column":2}},"line":116},"14":{"name":"(anonymous_14)","decl":{"start":{"line":124,"column":47},"end":{"line":124,"column":53}},"loc":{"start":{"line":124,"column":53},"end":{"line":124,"column":63}},"line":124},"15":{"name":"(anonymous_15)","decl":{"start":{"line":125,"column":47},"end":{"line":125,"column":53}},"loc":{"start":{"line":125,"column":53},"end":{"line":125,"column":68}},"line":125},"16":{"name":"(anonymous_16)","decl":{"start":{"line":131,"column":3},"end":{"line":131,"column":4}},"loc":{"start":{"line":131,"column":11},"end":{"line":133,"column":2}},"line":131},"17":{"name":"(anonymous_17)","decl":{"start":{"line":139,"column":49},"end":{"line":139,"column":55}},"loc":{"start":{"line":139,"column":55},"end":{"line":139,"column":76}},"line":139},"18":{"name":"(anonymous_18)","decl":{"start":{"line":143,"column":3},"end":{"line":143,"column":4}},"loc":{"start":{"line":143,"column":11},"end":{"line":145,"column":2}},"line":143},"19":{"name":"(anonymous_19)","decl":{"start":{"line":151,"column":47},"end":{"line":151,"column":53}},"loc":{"start":{"line":151,"column":53},"end":{"line":151,"column":63}},"line":151},"20":{"name":"(anonymous_20)","decl":{"start":{"line":152,"column":39},"end":{"line":152,"column":45}},"loc":{"start":{"line":152,"column":45},"end":{"line":152,"column":66}},"line":152},"21":{"name":"(anonymous_21)","decl":{"start":{"line":158,"column":3},"end":{"line":158,"column":4}},"loc":{"start":{"line":158,"column":11},"end":{"line":160,"column":2}},"line":158},"22":{"name":"(anonymous_22)","decl":{"start":{"line":166,"column":47},"end":{"line":166,"column":53}},"loc":{"start":{"line":166,"column":53},"end":{"line":166,"column":63}},"line":166},"23":{"name":"(anonymous_23)","decl":{"start":{"line":167,"column":47},"end":{"line":167,"column":53}},"loc":{"start":{"line":167,"column":53},"end":{"line":167,"column":68}},"line":167},"24":{"name":"(anonymous_24)","decl":{"start":{"line":172,"column":3},"end":{"line":172,"column":4}},"loc":{"start":{"line":172,"column":11},"end":{"line":174,"column":2}},"line":172},"25":{"name":"(anonymous_25)","decl":{"start":{"line":180,"column":37},"end":{"line":180,"column":43}},"loc":{"start":{"line":180,"column":43},"end":{"line":180,"column":53}},"line":180},"26":{"name":"(anonymous_26)","decl":{"start":{"line":186,"column":3},"end":{"line":186,"column":4}},"loc":{"start":{"line":186,"column":11},"end":{"line":189,"column":2}},"line":186},"27":{"name":"(anonymous_27)","decl":{"start":{"line":195,"column":37},"end":{"line":195,"column":43}},"loc":{"start":{"line":195,"column":43},"end":{"line":195,"column":53}},"line":195},"28":{"name":"(anonymous_28)","decl":{"start":{"line":204,"column":3},"end":{"line":204,"column":4}},"loc":{"start":{"line":204,"column":11},"end":{"line":207,"column":2}},"line":204},"29":{"name":"(anonymous_29)","decl":{"start":{"line":213,"column":51},"end":{"line":213,"column":57}},"loc":{"start":{"line":213,"column":57},"end":{"line":213,"column":67}},"line":213},"30":{"name":"(anonymous_30)","decl":{"start":{"line":214,"column":57},"end":{"line":214,"column":63}},"loc":{"start":{"line":214,"column":63},"end":{"line":214,"column":73}},"line":214},"31":{"name":"(anonymous_31)","decl":{"start":{"line":218,"column":3},"end":{"line":218,"column":4}},"loc":{"start":{"line":218,"column":11},"end":{"line":221,"column":2}},"line":218},"32":{"name":"(anonymous_32)","decl":{"start":{"line":227,"column":47},"end":{"line":227,"column":53}},"loc":{"start":{"line":227,"column":53},"end":{"line":227,"column":63}},"line":227},"33":{"name":"(anonymous_33)","decl":{"start":{"line":232,"column":3},"end":{"line":232,"column":4}},"loc":{"start":{"line":232,"column":11},"end":{"line":234,"column":2}},"line":232},"34":{"name":"(anonymous_34)","decl":{"start":{"line":240,"column":47},"end":{"line":240,"column":53}},"loc":{"start":{"line":240,"column":53},"end":{"line":240,"column":63}},"line":240},"35":{"name":"(anonymous_35)","decl":{"start":{"line":249,"column":3},"end":{"line":249,"column":4}},"loc":{"start":{"line":249,"column":11},"end":{"line":252,"column":2}},"line":249},"36":{"name":"(anonymous_36)","decl":{"start":{"line":256,"column":47},"end":{"line":256,"column":48}},"loc":{"start":{"line":256,"column":62},"end":{"line":270,"column":2}},"line":256},"37":{"name":"(anonymous_37)","decl":{"start":{"line":272,"column":51},"end":{"line":272,"column":52}},"loc":{"start":{"line":272,"column":65},"end":{"line":274,"column":2}},"line":272},"38":{"name":"(anonymous_38)","decl":{"start":{"line":276,"column":57},"end":{"line":276,"column":58}},"loc":{"start":{"line":276,"column":77},"end":{"line":281,"column":2}},"line":276},"39":{"name":"(anonymous_39)","decl":{"start":{"line":283,"column":69},"end":{"line":283,"column":70}},"loc":{"start":{"line":283,"column":83},"end":{"line":286,"column":2}},"line":283},"40":{"name":"(anonymous_40)","decl":{"start":{"line":288,"column":69},"end":{"line":288,"column":70}},"loc":{"start":{"line":288,"column":89},"end":{"line":293,"column":2}},"line":288},"41":{"name":"(anonymous_41)","decl":{"start":{"line":295,"column":63},"end":{"line":295,"column":64}},"loc":{"start":{"line":295,"column":77},"end":{"line":297,"column":2}},"line":295},"42":{"name":"(anonymous_42)","decl":{"start":{"line":299,"column":65},"end":{"line":299,"column":66}},"loc":{"start":{"line":299,"column":79},"end":{"line":302,"column":2}},"line":299},"43":{"name":"(anonymous_43)","decl":{"start":{"line":304,"column":61},"end":{"line":304,"column":62}},"loc":{"start":{"line":304,"column":75},"end":{"line":307,"column":2}},"line":304},"44":{"name":"(anonymous_44)","decl":{"start":{"line":309,"column":67},"end":{"line":309,"column":68}},"loc":{"start":{"line":309,"column":81},"end":{"line":311,"column":2}},"line":309},"45":{"name":"(anonymous_45)","decl":{"start":{"line":313,"column":55},"end":{"line":313,"column":56}},"loc":{"start":{"line":313,"column":69},"end":{"line":315,"column":2}},"line":313},"46":{"name":"(anonymous_46)","decl":{"start":{"line":317,"column":55},"end":{"line":317,"column":56}},"loc":{"start":{"line":317,"column":69},"end":{"line":319,"column":2}},"line":317},"47":{"name":"(anonymous_47)","decl":{"start":{"line":321,"column":69},"end":{"line":321,"column":70}},"loc":{"start":{"line":321,"column":83},"end":{"line":323,"column":2}},"line":321}},"branchMap":{},"s":{"0":6,"1":6,"2":0,"3":32,"4":6,"5":6,"6":0,"7":0,"8":32,"9":6,"10":0,"11":32,"12":6,"13":0,"14":32,"15":6,"16":0,"17":0,"18":32,"19":6,"20":0,"21":32,"22":6,"23":0,"24":0,"25":32,"26":6,"27":0,"28":32,"29":6,"30":0,"31":0,"32":32,"33":6,"34":0,"35":0,"36":32,"37":6,"38":0,"39":32,"40":6,"41":0,"42":32,"43":6,"44":0,"45":0,"46":32,"47":6,"48":0,"49":32,"50":6,"51":0,"52":32,"53":6,"54":32,"55":6,"56":32,"57":6,"58":32,"59":6,"60":32,"61":6,"62":32,"63":6,"64":32,"65":6,"66":32,"67":6,"68":32,"69":6,"70":32,"71":6,"72":32,"73":6,"74":32,"75":6,"76":32},"f":{"0":0,"1":32,"2":0,"3":0,"4":32,"5":0,"6":32,"7":0,"8":32,"9":0,"10":0,"11":32,"12":0,"13":32,"14":0,"15":0,"16":32,"17":0,"18":32,"19":0,"20":0,"21":32,"22":0,"23":0,"24":32,"25":0,"26":32,"27":0,"28":32,"29":0,"30":0,"31":32,"32":0,"33":32,"34":0,"35":32,"36":32,"37":32,"38":32,"39":32,"40":32,"41":32,"42":32,"43":32,"44":32,"45":32,"46":32,"47":32},"b":{},"meta":{"lastBranch":0,"lastFunction":48,"lastStatement":77,"seen":{"s:6:13:14:Infinity":0,"s:18:13:29:Infinity":1,"f:20:47:20:53":0,"s:20:53:20:63":2,"f:26:3:26:4":1,"s:26:11:29:2":3,"s:33:13:40:Infinity":4,"s:44:13:55:Infinity":5,"f:46:47:46:53":2,"s:46:53:46:63":6,"f:47:41:47:47":3,"s:47:47:47:64":7,"f:52:3:52:4":4,"s:52:11:55:2":8,"s:59:13:72:Infinity":9,"f:61:37:61:43":5,"s:61:43:61:53":10,"f:69:3:69:4":6,"s:69:11:72:2":11,"s:76:13:89:Infinity":12,"f:78:49:78:55":7,"s:78:55:78:65":13,"f:86:3:86:4":8,"s:86:11:89:2":14,"s:93:13:102:Infinity":15,"f:95:57:95:63":9,"s:95:63:95:78":16,"f:96:47:96:53":10,"s:96:53:96:63":17,"f:99:3:99:4":11,"s:99:11:102:2":18,"s:106:13:118:Infinity":19,"f:108:47:108:53":12,"s:108:53:108:63":20,"f:116:3:116:4":13,"s:116:11:118:2":21,"s:122:13:133:Infinity":22,"f:124:47:124:53":14,"s:124:53:124:63":23,"f:125:47:125:53":15,"s:125:53:125:68":24,"f:131:3:131:4":16,"s:131:11:133:2":25,"s:137:13:145:Infinity":26,"f:139:49:139:55":17,"s:139:55:139:76":27,"f:143:3:143:4":18,"s:143:11:145:2":28,"s:149:13:160:Infinity":29,"f:151:47:151:53":19,"s:151:53:151:63":30,"f:152:39:152:45":20,"s:152:45:152:66":31,"f:158:3:158:4":21,"s:158:11:160:2":32,"s:164:13:174:Infinity":33,"f:166:47:166:53":22,"s:166:53:166:63":34,"f:167:47:167:53":23,"s:167:53:167:68":35,"f:172:3:172:4":24,"s:172:11:174:2":36,"s:178:13:189:Infinity":37,"f:180:37:180:43":25,"s:180:43:180:53":38,"f:186:3:186:4":26,"s:186:11:189:2":39,"s:193:13:207:Infinity":40,"f:195:37:195:43":27,"s:195:43:195:53":41,"f:204:3:204:4":28,"s:204:11:207:2":42,"s:211:13:221:Infinity":43,"f:213:51:213:57":29,"s:213:57:213:67":44,"f:214:57:214:63":30,"s:214:63:214:73":45,"f:218:3:218:4":31,"s:218:11:221:2":46,"s:225:13:234:Infinity":47,"f:227:47:227:53":32,"s:227:53:227:63":48,"f:232:3:232:4":33,"s:232:11:234:2":49,"s:238:13:252:Infinity":50,"f:240:47:240:53":34,"s:240:53:240:63":51,"f:249:3:249:4":35,"s:249:11:252:2":52,"s:256:13:270:Infinity":53,"f:256:47:256:48":36,"s:256:62:270:2":54,"s:272:13:274:Infinity":55,"f:272:51:272:52":37,"s:272:65:274:2":56,"s:276:13:281:Infinity":57,"f:276:57:276:58":38,"s:276:77:281:2":58,"s:283:13:286:Infinity":59,"f:283:69:283:70":39,"s:283:83:286:2":60,"s:288:13:293:Infinity":61,"f:288:69:288:70":40,"s:288:89:293:2":62,"s:295:13:297:Infinity":63,"f:295:63:295:64":41,"s:295:77:297:2":64,"s:299:13:302:Infinity":65,"f:299:65:299:66":42,"s:299:79:302:2":66,"s:304:13:307:Infinity":67,"f:304:61:304:62":43,"s:304:75:307:2":68,"s:309:13:311:Infinity":69,"f:309:67:309:68":44,"s:309:81:311:2":70,"s:313:13:315:Infinity":71,"f:313:55:313:56":45,"s:313:69:315:2":72,"s:317:13:319:Infinity":73,"f:317:55:317:56":46,"s:317:69:319:2":74,"s:321:13:323:Infinity":75,"f:321:69:321:70":47,"s:321:83:323:2":76}}}
,"/Users/z/Developer/spike-land-ai/packages/spike-land-mcp/src/kv/categories.ts": {"path":"/Users/z/Developer/spike-land-ai/packages/spike-land-mcp/src/kv/categories.ts","statementMap":{"0":{"start":{"line":6,"column":19},"end":{"line":6,"column":null}},"1":{"start":{"line":7,"column":20},"end":{"line":7,"column":null}},"2":{"start":{"line":13,"column":2},"end":{"line":21,"column":null}},"3":{"start":{"line":14,"column":16},"end":{"line":14,"column":null}},"4":{"start":{"line":15,"column":4},"end":{"line":15,"column":null}},"5":{"start":{"line":15,"column":14},"end":{"line":15,"column":null}},"6":{"start":{"line":16,"column":28},"end":{"line":16,"column":null}},"7":{"start":{"line":17,"column":4},"end":{"line":17,"column":null}},"8":{"start":{"line":17,"column":32},"end":{"line":17,"column":null}},"9":{"start":{"line":18,"column":4},"end":{"line":18,"column":null}},"10":{"start":{"line":18,"column":51},"end":{"line":18,"column":75}},"11":{"start":{"line":20,"column":4},"end":{"line":20,"column":null}},"12":{"start":{"line":29,"column":2},"end":{"line":35,"column":null}},"13":{"start":{"line":30,"column":4},"end":{"line":32,"column":null}}},"fnMap":{"0":{"name":"loadEnabledCategories","decl":{"start":{"line":9,"column":22},"end":{"line":9,"column":null}},"loc":{"start":{"line":12,"column":21},"end":{"line":22,"column":null}},"line":12},"1":{"name":"(anonymous_1)","decl":{"start":{"line":18,"column":25},"end":{"line":18,"column":26}},"loc":{"start":{"line":18,"column":51},"end":{"line":18,"column":75}},"line":18},"2":{"name":"saveEnabledCategories","decl":{"start":{"line":24,"column":22},"end":{"line":24,"column":null}},"loc":{"start":{"line":28,"column":17},"end":{"line":36,"column":null}},"line":28}},"branchMap":{"0":{"loc":{"start":{"line":15,"column":4},"end":{"line":15,"column":null}},"type":"if","locations":[{"start":{"line":15,"column":4},"end":{"line":15,"column":null}},{"start":{},"end":{}}],"line":15},"1":{"loc":{"start":{"line":17,"column":4},"end":{"line":17,"column":null}},"type":"if","locations":[{"start":{"line":17,"column":4},"end":{"line":17,"column":null}},{"start":{},"end":{}}],"line":17}},"s":{"0":2,"1":2,"2":7,"3":7,"4":7,"5":2,"6":5,"7":5,"8":0,"9":4,"10":9,"11":1,"12":3,"13":3},"f":{"0":7,"1":9,"2":3},"b":{"0":[2,5],"1":[0,5]},"meta":{"lastBranch":2,"lastFunction":3,"lastStatement":14,"seen":{"s:6:19:6:Infinity":0,"s:7:20:7:Infinity":1,"f:9:22:9:Infinity":0,"s:13:2:21:Infinity":2,"s:14:16:14:Infinity":3,"b:15:4:15:Infinity:undefined:undefined:undefined:undefined":0,"s:15:4:15:Infinity":4,"s:15:14:15:Infinity":5,"s:16:28:16:Infinity":6,"b:17:4:17:Infinity:undefined:undefined:undefined:undefined":1,"s:17:4:17:Infinity":7,"s:17:32:17:Infinity":8,"s:18:4:18:Infinity":9,"f:18:25:18:26":1,"s:18:51:18:75":10,"s:20:4:20:Infinity":11,"f:24:22:24:Infinity":2,"s:29:2:35:Infinity":12,"s:30:4:32:Infinity":13}}}
,"/Users/z/Developer/spike-land-ai/packages/spike-land-mcp/src/kv/rate-limit.ts": {"path":"/Users/z/Developer/spike-land-ai/packages/spike-land-mcp/src/kv/rate-limit.ts","statementMap":{"0":{"start":{"line":6,"column":18},"end":{"line":6,"column":null}},"1":{"start":{"line":7,"column":21},"end":{"line":7,"column":null}},"2":{"start":{"line":20,"column":14},"end":{"line":20,"column":null}},"3":{"start":{"line":21,"column":16},"end":{"line":21,"column":null}},"4":{"start":{"line":23,"column":14},"end":{"line":23,"column":null}},"5":{"start":{"line":24,"column":30},"end":{"line":24,"column":null}},"6":{"start":{"line":26,"column":2},"end":{"line":38,"column":null}},"7":{"start":{"line":27,"column":4},"end":{"line":37,"column":null}},"8":{"start":{"line":28,"column":21},"end":{"line":28,"column":null}},"9":{"start":{"line":30,"column":6},"end":{"line":34,"column":null}},"10":{"start":{"line":31,"column":8},"end":{"line":31,"column":null}},"11":{"start":{"line":33,"column":8},"end":{"line":33,"column":null}},"12":{"start":{"line":36,"column":6},"end":{"line":36,"column":null}},"13":{"start":{"line":40,"column":2},"end":{"line":40,"column":null}},"14":{"start":{"line":41,"column":18},"end":{"line":41,"column":null}},"15":{"start":{"line":42,"column":20},"end":{"line":42,"column":null}},"16":{"start":{"line":43,"column":20},"end":{"line":43,"column":null}},"17":{"start":{"line":46,"column":2},"end":{"line":48,"column":null}},"18":{"start":{"line":50,"column":2},"end":{"line":50,"column":null}}},"fnMap":{"0":{"name":"checkRateLimit","decl":{"start":{"line":14,"column":22},"end":{"line":14,"column":null}},"loc":{"start":{"line":19,"column":71},"end":{"line":51,"column":null}},"line":19}},"branchMap":{"0":{"loc":{"start":{"line":17,"column":2},"end":{"line":17,"column":null}},"type":"default-arg","locations":[{"start":{"line":17,"column":16},"end":{"line":17,"column":null}}],"line":17},"1":{"loc":{"start":{"line":18,"column":2},"end":{"line":18,"column":null}},"type":"default-arg","locations":[{"start":{"line":18,"column":13},"end":{"line":18,"column":null}}],"line":18},"2":{"loc":{"start":{"line":26,"column":2},"end":{"line":38,"column":null}},"type":"if","locations":[{"start":{"line":26,"column":2},"end":{"line":38,"column":null}},{"start":{},"end":{}}],"line":26},"3":{"loc":{"start":{"line":30,"column":6},"end":{"line":34,"column":null}},"type":"if","locations":[{"start":{"line":30,"column":6},"end":{"line":34,"column":null}},{"start":{"line":32,"column":13},"end":{"line":34,"column":null}}],"line":30}},"s":{"0":2,"1":2,"2":22,"3":22,"4":22,"5":22,"6":22,"7":13,"8":13,"9":13,"10":1,"11":12,"12":0,"13":22,"14":22,"15":22,"16":22,"17":22,"18":22},"f":{"0":22},"b":{"0":[22],"1":[22],"2":[13,9],"3":[1,12]},"meta":{"lastBranch":4,"lastFunction":1,"lastStatement":19,"seen":{"s:6:18:6:Infinity":0,"s:7:21:7:Infinity":1,"f:14:22:14:Infinity":0,"b:17:16:17:Infinity":0,"b:18:13:18:Infinity":1,"s:20:14:20:Infinity":2,"s:21:16:21:Infinity":3,"s:23:14:23:Infinity":4,"s:24:30:24:Infinity":5,"b:26:2:38:Infinity:undefined:undefined:undefined:undefined":2,"s:26:2:38:Infinity":6,"s:27:4:37:Infinity":7,"s:28:21:28:Infinity":8,"b:30:6:34:Infinity:32:13:34:Infinity":3,"s:30:6:34:Infinity":9,"s:31:8:31:Infinity":10,"s:33:8:33:Infinity":11,"s:36:6:36:Infinity":12,"s:40:2:40:Infinity":13,"s:41:18:41:Infinity":14,"s:42:20:42:Infinity":15,"s:43:20:43:Infinity":16,"s:46:2:48:Infinity":17,"s:50:2:50:Infinity":18}}}
,"/Users/z/Developer/spike-land-ai/packages/spike-land-mcp/src/mcp/categories.ts": {"path":"/Users/z/Developer/spike-land-ai/packages/spike-land-mcp/src/mcp/categories.ts","statementMap":{"0":{"start":{"line":9,"column":61},"end":{"line":257,"column":null}}},"fnMap":{},"branchMap":{},"s":{"0":2},"f":{},"b":{},"meta":{"lastBranch":0,"lastFunction":0,"lastStatement":1,"seen":{"s:9:61:257:Infinity":0}}}
,"/Users/z/Developer/spike-land-ai/packages/spike-land-mcp/src/mcp/embeddings.ts": {"path":"/Users/z/Developer/spike-land-ai/packages/spike-land-mcp/src/mcp/embeddings.ts","statementMap":{"0":{"start":{"line":9,"column":35},"end":{"line":32,"column":null}},"1":{"start":{"line":35,"column":19},"end":{"line":35,"column":null}},"2":{"start":{"line":36,"column":0},"end":{"line":46,"column":null}},"3":{"start":{"line":37,"column":19},"end":{"line":37,"column":null}},"4":{"start":{"line":38,"column":2},"end":{"line":45,"column":null}},"5":{"start":{"line":39,"column":21},"end":{"line":39,"column":null}},"6":{"start":{"line":40,"column":4},"end":{"line":44,"column":null}},"7":{"start":{"line":41,"column":6},"end":{"line":41,"column":null}},"8":{"start":{"line":41,"column":32},"end":{"line":41,"column":null}},"9":{"start":{"line":43,"column":6},"end":{"line":43,"column":null}},"10":{"start":{"line":51,"column":2},"end":{"line":54,"column":null}},"11":{"start":{"line":54,"column":17},"end":{"line":54,"column":29}},"12":{"start":{"line":60,"column":19},"end":{"line":60,"column":null}},"13":{"start":{"line":61,"column":2},"end":{"line":67,"column":null}},"14":{"start":{"line":62,"column":4},"end":{"line":62,"column":null}},"15":{"start":{"line":63,"column":21},"end":{"line":63,"column":null}},"16":{"start":{"line":64,"column":4},"end":{"line":66,"column":null}},"17":{"start":{"line":65,"column":6},"end":{"line":65,"column":null}},"18":{"start":{"line":65,"column":32},"end":{"line":65,"column":null}},"19":{"start":{"line":68,"column":2},"end":{"line":68,"column":null}},"20":{"start":{"line":78,"column":14},"end":{"line":78,"column":null}},"21":{"start":{"line":80,"column":21},"end":{"line":80,"column":null}},"22":{"start":{"line":81,"column":20},"end":{"line":81,"column":null}},"23":{"start":{"line":82,"column":21},"end":{"line":82,"column":null}},"24":{"start":{"line":84,"column":2},"end":{"line":86,"column":null}},"25":{"start":{"line":85,"column":4},"end":{"line":85,"column":null}},"26":{"start":{"line":87,"column":2},"end":{"line":89,"column":null}},"27":{"start":{"line":88,"column":4},"end":{"line":88,"column":null}},"28":{"start":{"line":90,"column":2},"end":{"line":92,"column":null}},"29":{"start":{"line":91,"column":4},"end":{"line":91,"column":null}},"30":{"start":{"line":95,"column":18},"end":{"line":95,"column":null}},"31":{"start":{"line":96,"column":2},"end":{"line":98,"column":null}},"32":{"start":{"line":97,"column":4},"end":{"line":97,"column":null}},"33":{"start":{"line":99,"column":2},"end":{"line":99,"column":null}},"34":{"start":{"line":100,"column":2},"end":{"line":104,"column":null}},"35":{"start":{"line":101,"column":4},"end":{"line":103,"column":null}},"36":{"start":{"line":102,"column":6},"end":{"line":102,"column":null}},"37":{"start":{"line":106,"column":2},"end":{"line":106,"column":null}},"38":{"start":{"line":110,"column":17},"end":{"line":110,"column":null}},"39":{"start":{"line":111,"column":14},"end":{"line":111,"column":null}},"40":{"start":{"line":113,"column":2},"end":{"line":115,"column":null}},"41":{"start":{"line":114,"column":4},"end":{"line":114,"column":null}},"42":{"start":{"line":118,"column":18},"end":{"line":118,"column":null}},"43":{"start":{"line":119,"column":2},"end":{"line":121,"column":null}},"44":{"start":{"line":120,"column":4},"end":{"line":120,"column":null}},"45":{"start":{"line":122,"column":2},"end":{"line":122,"column":null}},"46":{"start":{"line":123,"column":2},"end":{"line":127,"column":null}},"47":{"start":{"line":124,"column":4},"end":{"line":126,"column":null}},"48":{"start":{"line":125,"column":6},"end":{"line":125,"column":null}},"49":{"start":{"line":129,"column":2},"end":{"line":129,"column":null}},"50":{"start":{"line":138,"column":12},"end":{"line":138,"column":null}},"51":{"start":{"line":140,"column":28},"end":{"line":140,"column":null}},"52":{"start":{"line":141,"column":2},"end":{"line":146,"column":null}},"53":{"start":{"line":142,"column":21},"end":{"line":142,"column":null}},"54":{"start":{"line":143,"column":4},"end":{"line":145,"column":null}},"55":{"start":{"line":144,"column":6},"end":{"line":144,"column":null}},"56":{"start":{"line":147,"column":2},"end":{"line":147,"column":null}},"57":{"start":{"line":158,"column":18},"end":{"line":158,"column":null}},"58":{"start":{"line":161,"column":19},"end":{"line":161,"column":null}},"59":{"start":{"line":162,"column":4},"end":{"line":162,"column":null}},"60":{"start":{"line":166,"column":4},"end":{"line":166,"column":null}},"61":{"start":{"line":170,"column":4},"end":{"line":170,"column":null}},"62":{"start":{"line":174,"column":4},"end":{"line":174,"column":null}},"63":{"start":{"line":182,"column":21},"end":{"line":182,"column":null}},"64":{"start":{"line":183,"column":4},"end":{"line":183,"column":null}},"65":{"start":{"line":183,"column":29},"end":{"line":183,"column":null}},"66":{"start":{"line":185,"column":60},"end":{"line":185,"column":null}},"67":{"start":{"line":187,"column":4},"end":{"line":192,"column":null}},"68":{"start":{"line":188,"column":20},"end":{"line":188,"column":null}},"69":{"start":{"line":189,"column":6},"end":{"line":191,"column":null}},"70":{"start":{"line":190,"column":8},"end":{"line":190,"column":null}},"71":{"start":{"line":194,"column":4},"end":{"line":194,"column":null}},"72":{"start":{"line":194,"column":27},"end":{"line":194,"column":44}},"73":{"start":{"line":195,"column":4},"end":{"line":195,"column":null}},"74":{"start":{"line":201,"column":22},"end":{"line":216,"column":null}},"75":{"start":{"line":217,"column":24},"end":{"line":253,"column":null}},"76":{"start":{"line":256,"column":41},"end":{"line":256,"column":null}},"77":{"start":{"line":257,"column":16},"end":{"line":257,"column":null}},"78":{"start":{"line":260,"column":18},"end":{"line":262,"column":null}},"79":{"start":{"line":263,"column":2},"end":{"line":265,"column":null}},"80":{"start":{"line":264,"column":4},"end":{"line":264,"column":null}},"81":{"start":{"line":268,"column":21},"end":{"line":270,"column":null}},"82":{"start":{"line":271,"column":2},"end":{"line":273,"column":null}},"83":{"start":{"line":272,"column":4},"end":{"line":272,"column":null}},"84":{"start":{"line":276,"column":22},"end":{"line":276,"column":null}},"85":{"start":{"line":277,"column":2},"end":{"line":279,"column":null}},"86":{"start":{"line":278,"column":4},"end":{"line":278,"column":null}},"87":{"start":{"line":282,"column":20},"end":{"line":282,"column":null}},"88":{"start":{"line":283,"column":2},"end":{"line":285,"column":null}},"89":{"start":{"line":284,"column":4},"end":{"line":284,"column":null}},"90":{"start":{"line":287,"column":2},"end":{"line":287,"column":null}}},"fnMap":{"0":{"name":"tokenize","decl":{"start":{"line":50,"column":16},"end":{"line":50,"column":25}},"loc":{"start":{"line":50,"column":49},"end":{"line":55,"column":null}},"line":50},"1":{"name":"(anonymous_1)","decl":{"start":{"line":54,"column":12},"end":{"line":54,"column":17}},"loc":{"start":{"line":54,"column":17},"end":{"line":54,"column":29}},"line":54},"2":{"name":"expandWithSynonyms","decl":{"start":{"line":59,"column":16},"end":{"line":59,"column":35}},"loc":{"start":{"line":59,"column":63},"end":{"line":69,"column":null}},"line":59},"3":{"name":"buildVector","decl":{"start":{"line":73,"column":16},"end":{"line":73,"column":null}},"loc":{"start":{"line":77,"column":23},"end":{"line":107,"column":null}},"line":77},"4":{"name":"buildQueryVector","decl":{"start":{"line":109,"column":16},"end":{"line":109,"column":33}},"loc":{"start":{"line":109,"column":69},"end":{"line":130,"column":null}},"line":109},"5":{"name":"cosineSimilarity","decl":{"start":{"line":134,"column":16},"end":{"line":134,"column":null}},"loc":{"start":{"line":137,"column":10},"end":{"line":148,"column":null}},"line":137},"6":{"name":"(anonymous_6)","decl":{"start":{"line":160,"column":2},"end":{"line":160,"column":8}},"loc":{"start":{"line":160,"column":67},"end":{"line":163,"column":null}},"line":160},"7":{"name":"(anonymous_7)","decl":{"start":{"line":165,"column":2},"end":{"line":165,"column":9}},"loc":{"start":{"line":165,"column":32},"end":{"line":167,"column":null}},"line":165},"8":{"name":"(anonymous_8)","decl":{"start":{"line":169,"column":2},"end":{"line":169,"column":6}},"loc":{"start":{"line":169,"column":29},"end":{"line":171,"column":null}},"line":169},"9":{"name":"(anonymous_9)","decl":{"start":{"line":173,"column":6},"end":{"line":173,"column":21}},"loc":{"start":{"line":173,"column":21},"end":{"line":175,"column":null}},"line":173},"10":{"name":"(anonymous_10)","decl":{"start":{"line":177,"column":2},"end":{"line":177,"column":null}},"loc":{"start":{"line":181,"column":44},"end":{"line":196,"column":null}},"line":181},"11":{"name":"(anonymous_11)","decl":{"start":{"line":194,"column":17},"end":{"line":194,"column":18}},"loc":{"start":{"line":194,"column":27},"end":{"line":194,"column":44}},"line":194},"12":{"name":"suggestParameters","decl":{"start":{"line":255,"column":16},"end":{"line":255,"column":34}},"loc":{"start":{"line":255,"column":73},"end":{"line":288,"column":null}},"line":255}},"branchMap":{"0":{"loc":{"start":{"line":40,"column":4},"end":{"line":44,"column":null}},"type":"if","locations":[{"start":{"line":40,"column":4},"end":{"line":44,"column":null}},{"start":{"line":42,"column":11},"end":{"line":44,"column":null}}],"line":40},"1":{"loc":{"start":{"line":64,"column":4},"end":{"line":66,"column":null}},"type":"if","locations":[{"start":{"line":64,"column":4},"end":{"line":66,"column":null}},{"start":{},"end":{}}],"line":64},"2":{"loc":{"start":{"line":85,"column":16},"end":{"line":85,"column":35}},"type":"binary-expr","locations":[{"start":{"line":85,"column":16},"end":{"line":85,"column":30}},{"start":{"line":85,"column":30},"end":{"line":85,"column":35}}],"line":85},"3":{"loc":{"start":{"line":88,"column":16},"end":{"line":88,"column":35}},"type":"binary-expr","locations":[{"start":{"line":88,"column":16},"end":{"line":88,"column":30}},{"start":{"line":88,"column":30},"end":{"line":88,"column":35}}],"line":88},"4":{"loc":{"start":{"line":91,"column":16},"end":{"line":91,"column":35}},"type":"binary-expr","locations":[{"start":{"line":91,"column":16},"end":{"line":91,"column":30}},{"start":{"line":91,"column":30},"end":{"line":91,"column":35}}],"line":91},"5":{"loc":{"start":{"line":100,"column":2},"end":{"line":104,"column":null}},"type":"if","locations":[{"start":{"line":100,"column":2},"end":{"line":104,"column":null}},{"start":{},"end":{}}],"line":100},"6":{"loc":{"start":{"line":114,"column":16},"end":{"line":114,"column":35}},"type":"binary-expr","locations":[{"start":{"line":114,"column":16},"end":{"line":114,"column":30}},{"start":{"line":114,"column":30},"end":{"line":114,"column":35}}],"line":114},"7":{"loc":{"start":{"line":123,"column":2},"end":{"line":127,"column":null}},"type":"if","locations":[{"start":{"line":123,"column":2},"end":{"line":127,"column":null}},{"start":{},"end":{}}],"line":123},"8":{"loc":{"start":{"line":140,"column":28},"end":{"line":140,"column":null}},"type":"cond-expr","locations":[{"start":{"line":140,"column":47},"end":{"line":140,"column":56}},{"start":{"line":140,"column":56},"end":{"line":140,"column":null}}],"line":140},"9":{"loc":{"start":{"line":143,"column":4},"end":{"line":145,"column":null}},"type":"if","locations":[{"start":{"line":143,"column":4},"end":{"line":145,"column":null}},{"start":{},"end":{}}],"line":143},"10":{"loc":{"start":{"line":179,"column":4},"end":{"line":179,"column":null}},"type":"default-arg","locations":[{"start":{"line":179,"column":12},"end":{"line":179,"column":null}}],"line":179},"11":{"loc":{"start":{"line":180,"column":4},"end":{"line":180,"column":null}},"type":"default-arg","locations":[{"start":{"line":180,"column":16},"end":{"line":180,"column":null}}],"line":180},"12":{"loc":{"start":{"line":183,"column":4},"end":{"line":183,"column":null}},"type":"if","locations":[{"start":{"line":183,"column":4},"end":{"line":183,"column":null}},{"start":{},"end":{}}],"line":183},"13":{"loc":{"start":{"line":189,"column":6},"end":{"line":191,"column":null}},"type":"if","locations":[{"start":{"line":189,"column":6},"end":{"line":191,"column":null}},{"start":{},"end":{}}],"line":189},"14":{"loc":{"start":{"line":263,"column":2},"end":{"line":265,"column":null}},"type":"if","locations":[{"start":{"line":263,"column":2},"end":{"line":265,"column":null}},{"start":{},"end":{}}],"line":263},"15":{"loc":{"start":{"line":271,"column":2},"end":{"line":273,"column":null}},"type":"if","locations":[{"start":{"line":271,"column":2},"end":{"line":273,"column":null}},{"start":{},"end":{}}],"line":271},"16":{"loc":{"start":{"line":277,"column":2},"end":{"line":279,"column":null}},"type":"if","locations":[{"start":{"line":277,"column":2},"end":{"line":279,"column":null}},{"start":{},"end":{}}],"line":277},"17":{"loc":{"start":{"line":277,"column":6},"end":{"line":277,"column":61}},"type":"binary-expr","locations":[{"start":{"line":277,"column":6},"end":{"line":277,"column":26}},{"start":{"line":277,"column":26},"end":{"line":277,"column":61}}],"line":277},"18":{"loc":{"start":{"line":283,"column":2},"end":{"line":285,"column":null}},"type":"if","locations":[{"start":{"line":283,"column":2},"end":{"line":285,"column":null}},{"start":{},"end":{}}],"line":283},"19":{"loc":{"start":{"line":283,"column":6},"end":{"line":283,"column":59}},"type":"binary-expr","locations":[{"start":{"line":283,"column":6},"end":{"line":283,"column":24}},{"start":{"line":283,"column":24},"end":{"line":283,"column":59}}],"line":283}},"s":{"0":4,"1":4,"2":4,"3":88,"4":88,"5":476,"6":476,"7":4,"8":20,"9":472,"10":396,"11":1048,"12":394,"13":394,"14":906,"15":906,"16":906,"17":274,"18":1413,"19":394,"20":125,"21":125,"22":125,"23":125,"24":125,"25":664,"26":125,"27":225,"28":125,"29":1018,"30":125,"31":125,"32":1198,"33":125,"34":125,"35":125,"36":1198,"37":125,"38":14,"39":14,"40":14,"41":87,"42":14,"43":14,"44":87,"45":14,"46":14,"47":13,"48":87,"49":14,"50":58,"51":58,"52":58,"53":333,"54":333,"55":291,"56":58,"57":47,"58":121,"59":121,"60":2,"61":3,"62":3,"63":10,"64":10,"65":0,"66":10,"67":10,"68":52,"69":52,"70":48,"71":10,"72":41,"73":10,"74":4,"75":4,"76":13,"77":13,"78":13,"79":13,"80":1,"81":13,"82":13,"83":3,"84":13,"85":13,"86":1,"87":13,"88":13,"89":2,"90":13},"f":{"0":396,"1":1048,"2":394,"3":125,"4":14,"5":58,"6":121,"7":2,"8":3,"9":3,"10":10,"11":41,"12":13},"b":{"0":[4,472],"1":[274,632],"2":[664,664],"3":[225,169],"4":[1018,365],"5":[125,0],"6":[87,87],"7":[13,1],"8":[57,1],"9":[291,42],"10":[10],"11":[10],"12":[0,10],"13":[48,4],"14":[1,12],"15":[3,10],"16":[1,12],"17":[13,3],"18":[2,11],"19":[13,3]},"meta":{"lastBranch":20,"lastFunction":13,"lastStatement":91,"seen":{"s:9:35:32:Infinity":0,"s:35:19:35:Infinity":1,"s:36:0:46:Infinity":2,"s:37:19:37:Infinity":3,"s:38:2:45:Infinity":4,"s:39:21:39:Infinity":5,"b:40:4:44:Infinity:42:11:44:Infinity":0,"s:40:4:44:Infinity":6,"s:41:6:41:Infinity":7,"s:41:32:41:Infinity":8,"s:43:6:43:Infinity":9,"f:50:16:50:25":0,"s:51:2:54:Infinity":10,"f:54:12:54:17":1,"s:54:17:54:29":11,"f:59:16:59:35":2,"s:60:19:60:Infinity":12,"s:61:2:67:Infinity":13,"s:62:4:62:Infinity":14,"s:63:21:63:Infinity":15,"b:64:4:66:Infinity:undefined:undefined:undefined:undefined":1,"s:64:4:66:Infinity":16,"s:65:6:65:Infinity":17,"s:65:32:65:Infinity":18,"s:68:2:68:Infinity":19,"f:73:16:73:Infinity":3,"s:78:14:78:Infinity":20,"s:80:21:80:Infinity":21,"s:81:20:81:Infinity":22,"s:82:21:82:Infinity":23,"s:84:2:86:Infinity":24,"s:85:4:85:Infinity":25,"b:85:16:85:30:85:30:85:35":2,"s:87:2:89:Infinity":26,"s:88:4:88:Infinity":27,"b:88:16:88:30:88:30:88:35":3,"s:90:2:92:Infinity":28,"s:91:4:91:Infinity":29,"b:91:16:91:30:91:30:91:35":4,"s:95:18:95:Infinity":30,"s:96:2:98:Infinity":31,"s:97:4:97:Infinity":32,"s:99:2:99:Infinity":33,"b:100:2:104:Infinity:undefined:undefined:undefined:undefined":5,"s:100:2:104:Infinity":34,"s:101:4:103:Infinity":35,"s:102:6:102:Infinity":36,"s:106:2:106:Infinity":37,"f:109:16:109:33":4,"s:110:17:110:Infinity":38,"s:111:14:111:Infinity":39,"s:113:2:115:Infinity":40,"s:114:4:114:Infinity":41,"b:114:16:114:30:114:30:114:35":6,"s:118:18:118:Infinity":42,"s:119:2:121:Infinity":43,"s:120:4:120:Infinity":44,"s:122:2:122:Infinity":45,"b:123:2:127:Infinity:undefined:undefined:undefined:undefined":7,"s:123:2:127:Infinity":46,"s:124:4:126:Infinity":47,"s:125:6:125:Infinity":48,"s:129:2:129:Infinity":49,"f:134:16:134:Infinity":5,"s:138:12:138:Infinity":50,"s:140:28:140:Infinity":51,"b:140:47:140:56:140:56:140:Infinity":8,"s:141:2:146:Infinity":52,"s:142:21:142:Infinity":53,"b:143:4:145:Infinity:undefined:undefined:undefined:undefined":9,"s:143:4:145:Infinity":54,"s:144:6:144:Infinity":55,"s:147:2:147:Infinity":56,"s:158:18:158:Infinity":57,"f:160:2:160:8":6,"s:161:19:161:Infinity":58,"s:162:4:162:Infinity":59,"f:165:2:165:9":7,"s:166:4:166:Infinity":60,"f:169:2:169:6":8,"s:170:4:170:Infinity":61,"f:173:6:173:21":9,"s:174:4:174:Infinity":62,"f:177:2:177:Infinity":10,"b:179:12:179:Infinity":10,"b:180:16:180:Infinity":11,"s:182:21:182:Infinity":63,"b:183:4:183:Infinity:undefined:undefined:undefined:undefined":12,"s:183:4:183:Infinity":64,"s:183:29:183:Infinity":65,"s:185:60:185:Infinity":66,"s:187:4:192:Infinity":67,"s:188:20:188:Infinity":68,"b:189:6:191:Infinity:undefined:undefined:undefined:undefined":13,"s:189:6:191:Infinity":69,"s:190:8:190:Infinity":70,"s:194:4:194:Infinity":71,"f:194:17:194:18":11,"s:194:27:194:44":72,"s:195:4:195:Infinity":73,"s:201:22:216:Infinity":74,"s:217:24:253:Infinity":75,"f:255:16:255:34":12,"s:256:41:256:Infinity":76,"s:257:16:257:Infinity":77,"s:260:18:262:Infinity":78,"b:263:2:265:Infinity:undefined:undefined:undefined:undefined":14,"s:263:2:265:Infinity":79,"s:264:4:264:Infinity":80,"s:268:21:270:Infinity":81,"b:271:2:273:Infinity:undefined:undefined:undefined:undefined":15,"s:271:2:273:Infinity":82,"s:272:4:272:Infinity":83,"s:276:22:276:Infinity":84,"b:277:2:279:Infinity:undefined:undefined:undefined:undefined":16,"s:277:2:279:Infinity":85,"b:277:6:277:26:277:26:277:61":17,"s:278:4:278
[...]
"line":445,"column":20},"end":{"line":445,"column":null}},"109":{"start":{"line":446,"column":17},"end":{"line":448,"column":null}},"110":{"start":{"line":447,"column":50},"end":{"line":447,"column":65}},"111":{"start":{"line":449,"column":24},"end":{"line":455,"column":null}},"112":{"start":{"line":456,"column":22},"end":{"line":462,"column":null}},"113":{"start":{"line":464,"column":22},"end":{"line":468,"column":null}},"114":{"start":{"line":469,"column":4},"end":{"line":469,"column":null}},"115":{"start":{"line":471,"column":4},"end":{"line":471,"column":null}},"116":{"start":{"line":472,"column":4},"end":{"line":472,"column":null}}},"fnMap":{"0":{"name":"(anonymous_0)","decl":{"start":{"line":15,"column":7},"end":{"line":15,"column":12}},"loc":{"start":{"line":15,"column":7},"end":{"line":15,"column":null}},"line":15},"1":{"name":"(anonymous_1)","decl":{"start":{"line":83,"column":2},"end":{"line":83,"column":null}},"loc":{"start":{"line":88,"column":4},"end":{"line":96,"column":null}},"line":88},"2":{"name":"(anonymous_2)","decl":{"start":{"line":98,"column":2},"end":{"line":98,"column":27}},"loc":{"start":{"line":98,"column":27},"end":{"line":100,"column":null}},"line":98},"3":{"name":"classifyError","decl":{"start":{"line":112,"column":9},"end":{"line":112,"column":23}},"loc":{"start":{"line":112,"column":78},"end":{"line":236,"column":null}},"line":112},"4":{"name":"formatErrorResult","decl":{"start":{"line":238,"column":9},"end":{"line":238,"column":27}},"loc":{"start":{"line":238,"column":76},"end":{"line":251,"column":null}},"line":238},"5":{"name":"safeToolCall","decl":{"start":{"line":262,"column":22},"end":{"line":262,"column":null}},"loc":{"start":{"line":266,"column":27},"end":{"line":288,"column":null}},"line":266},"6":{"name":"(anonymous_6)","decl":{"start":{"line":272,"column":27},"end":{"line":272,"column":28}},"loc":{"start":{"line":273,"column":10},"end":{"line":278,"column":null}},"line":273},"7":{"name":"(anonymous_7)","decl":{"start":{"line":273,"column":21},"end":{"line":273,"column":null}},"loc":{"start":{"line":274,"column":12},"end":{"line":278,"column":15}},"line":274},"8":{"name":"textResult","decl":{"start":{"line":294,"column":16},"end":{"line":294,"column":27}},"loc":{"start":{"line":294,"column":57},"end":{"line":300,"column":null}},"line":294},"9":{"name":"jsonResult","decl":{"start":{"line":302,"column":16},"end":{"line":302,"column":27}},"loc":{"start":{"line":302,"column":72},"end":{"line":309,"column":null}},"line":302},"10":{"name":"apiRequest","decl":{"start":{"line":318,"column":22},"end":{"line":318,"column":null}},"loc":{"start":{"line":322,"column":14},"end":{"line":365,"column":null}},"line":322},"11":{"name":"(anonymous_11)","decl":{"start":{"line":337,"column":45},"end":{"line":337,"column":51}},"loc":{"start":{"line":337,"column":51},"end":{"line":337,"column":66}},"line":337},"12":{"name":"resolveWorkspace","decl":{"start":{"line":373,"column":22},"end":{"line":373,"column":null}},"loc":{"start":{"line":377,"column":69},"end":{"line":406,"column":null}},"line":377},"13":{"name":"getVaultSecret","decl":{"start":{"line":417,"column":22},"end":{"line":417,"column":null}},"loc":{"start":{"line":421,"column":31},"end":{"line":474,"column":null}},"line":421},"14":{"name":"(anonymous_14)","decl":{"start":{"line":441,"column":48},"end":{"line":441,"column":49}},"loc":{"start":{"line":441,"column":55},"end":{"line":441,"column":70}},"line":441},"15":{"name":"(anonymous_15)","decl":{"start":{"line":442,"column":52},"end":{"line":442,"column":53}},"loc":{"start":{"line":442,"column":59},"end":{"line":442,"column":74}},"line":442},"16":{"name":"(anonymous_16)","decl":{"start":{"line":447,"column":43},"end":{"line":447,"column":44}},"loc":{"start":{"line":447,"column":50},"end":{"line":447,"column":65}},"line":447}},"branchMap":{"0":{"loc":{"start":{"line":15,"column":12},"end":{"line":15,"column":null}},"type":"binary-expr","locations":[{"start":{"line":15,"column":12},"end":{"line":15,"column":null}},{"start":{"line":15,"column":12},"end":{"line":15,"column":null}}],"line":15},"1":{"loc":{"start":{"line":92,"column":21},"end":{"line":92,"column":null}},"type":"binary-expr","locations":[{"start":{"line":92,"column":21},"end":{"line":92,"column":34}},{"start":{"line":92,"column":34},"end":{"line":92,"column":null}}],"line":92},"2":{"loc":{"start":{"line":93,"column":4},"end":{"line":95,"column":null}},"type":"if","locations":[{"start":{"line":93,"column":4},"end":{"line":95,"column":null}},{"start":{},"end":{}}],"line":93},"3":{"loc":{"start":{"line":113,"column":2},"end":{"line":120,"column":null}},"type":"if","locations":[{"start":{"line":113,"column":2},"end":{"line":120,"column":null}},{"start":{},"end":{}}],"line":113},"4":{"loc":{"start":{"line":122,"column":14},"end":{"line":122,"column":null}},"type":"cond-expr","locations":[{"start":{"line":122,"column":39},"end":{"line":122,"column":55}},{"start":{"line":122,"column":55},"end":{"line":122,"column":null}}],"line":122},"5":{"loc":{"start":{"line":125,"column":2},"end":{"line":134,"column":null}},"type":"if","locations":[{"start":{"line":125,"column":2},"end":{"line":134,"column":null}},{"start":{},"end":{}}],"line":125},"6":{"loc":{"start":{"line":126,"column":4},"end":{"line":126,"column":null}},"type":"binary-expr","locations":[{"start":{"line":126,"column":4},"end":{"line":126,"column":35}},{"start":{"line":126,"column":35},"end":{"line":126,"column":69}},{"start":{"line":126,"column":69},"end":{"line":126,"column":null}}],"line":126},"7":{"loc":{"start":{"line":136,"column":2},"end":{"line":156,"column":null}},"type":"if","locations":[{"start":{"line":136,"column":2},"end":{"line":156,"column":null}},{"start":{},"end":{}}],"line":136},"8":{"loc":{"start":{"line":136,"column":6},"end":{"line":136,"column":66}},"type":"binary-expr","locations":[{"start":{"line":136,"column":6},"end":{"line":136,"column":40}},{"start":{"line":136,"column":40},"end":{"line":136,"column":66}}],"line":136},"9":{"loc":{"start":{"line":139,"column":4},"end":{"line":146,"column":null}},"type":"if","locations":[{"start":{"line":139,"column":4},"end":{"line":146,"column":null}},{"start":{},"end":{}}],"line":139},"10":{"loc":{"start":{"line":147,"column":17},"end":{"line":149,"column":null}},"type":"cond-expr","locations":[{"start":{"line":148,"column":8},"end":{"line":148,"column":null}},{"start":{"line":149,"column":8},"end":{"line":149,"column":null}}],"line":147},"11":{"loc":{"start":{"line":158,"column":2},"end":{"line":168,"column":null}},"type":"if","locations":[{"start":{"line":158,"column":2},"end":{"line":168,"column":null}},{"start":{},"end":{}}],"line":158},"12":{"loc":{"start":{"line":159,"column":4},"end":{"line":160,"column":null}},"type":"binary-expr","locations":[{"start":{"line":159,"column":4},"end":{"line":159,"column":41}},{"start":{"line":159,"column":41},"end":{"line":159,"column":null}},{"start":{"line":160,"column":7},"end":{"line":160,"column":null}}],"line":159},"13":{"loc":{"start":{"line":170,"column":2},"end":{"line":180,"column":null}},"type":"if","locations":[{"start":{"line":170,"column":2},"end":{"line":180,"column":null}},{"start":{},"end":{}}],"line":170},"14":{"loc":{"start":{"line":171,"column":4},"end":{"line":172,"column":null}},"type":"binary-expr","locations":[{"start":{"line":171,"column":4},"end":{"line":171,"column":37}},{"start":{"line":171,"column":37},"end":{"line":171,"column":null}},{"start":{"line":172,"column":7},"end":{"line":172,"column":46}},{"start":{"line":172,"column":46},"end":{"line":172,"column":null}}],"line":171},"15":{"loc":{"start":{"line":182,"column":2},"end":{"line":192,"column":null}},"type":"if","locations":[{"start":{"line":182,"column":2},"end":{"line":192,"column":null}},{"start":{},"end":{}}],"line":182},"16":{"loc":{"start":{"line":183,"column":4},"end":{"line":183,"column":null}},"type":"binary-expr","locations":[{"start":{"line":183,"column":4},"end":{"line":183,"column":51}},{"start":{"line":183,"column":51},"end":{"line":183,"column":null}}],"line":183},"17":{"loc":{"start":{"line":194,"column":2},"end":{"line":204,"column":null}},"type":"if","locations":[{"start":{"line":194,"column":2},"end":{"line":204,"column":null}},{"start":{},"end":{}}],"line":194},"18":{"loc":{"start":{"line":195,"column":4},"end":{"line":196,"column":null}},"type":"binary-expr","locations":[{"start":{"line":195,"column":4},"end":{"line":195,"column":39}},{"start":{"line":195,"column":39},"end":{"line":195,"column":null}},{"start":{"line":196,"column":7},"end":{"line":196,"column":null}}],"line":195},"19":{"loc":{"start":{"line":206,"column":2},"end":{"line":216,"column":null}},"type":"if","locations":[{"start":{"line":206,"column":2},"end":{"line":216,"column":null}},{"start":{},"end":{}}],"line":206},"20":{"loc":{"start":{"line":207,"column":4},"end":{"line":208,"column":null}},"type":"binary-expr","locations":[{"start":{"line":207,"column":4},"end":{"line":207,"column":39}},{"start":{"line":207,"column":39},"end":{"line":207,"column":null}},{"start":{"line":208,"column":7},"end":{"line":208,"column":null}}],"line":207},"21":{"loc":{"start":{"line":218,"column":2},"end":{"line":228,"column":null}},"type":"if","locations":[{"start":{"line":218,"column":2},"end":{"line":228,"column":null}},{"start":{},"end":{}}],"line":218},"22":{"loc":{"start":{"line":219,"column":4},"end":{"line":220,"column":null}},"type":"binary-expr","locations":[{"start":{"line":219,"column":4},"end":{"line":219,"column":41}},{"start":{"line":219,"column":41},"end":{"line":219,"column":null}},{"start":{"line":220,"column":7},"end":{"line":220,"column":null}}],"line":219},"23":{"loc":{"start":{"line":269,"column":19},"end":{"line":281,"column":null}},"type":"cond-expr","locations":[{"start":{"line":270,"column":8},"end":{"line":280,"column":null}},{"start":{"line":281,"column":8},"end":{"line":281,"column":null}}],"line":269},"24":{"loc":{"start":{"line":295,"column":20},"end":{"line":298,"column":null}},"type":"cond-expr","locations":[{"start":{"line":296,"column":6},"end":{"line":297,"column":null}},{"start":{"line":298,"column":6},"end":{"line":298,"column":null}}],"line":295},"25":{"loc":{"start":{"line":320,"column":2},"end":{"line":320,"column":null}},"type":"default-arg","locations":[{"start":{"line":320,"column":25},"end":{"line":320,"column":null}}],"line":320},"26":{"loc":{"start":{"line":327,"column":2},"end":{"line":329,"column":null}},"type":"if","locations":[{"start":{"line":327,"column":2},"end":{"line":329,"column":null}},{"start":{},"end":{}}],"line":327},"27":{"loc":{"start":{"line":336,"column":2},"end":{"line":362,"column":null}},"type":"if","locations":[{"start":{"line":336,"column":2},"end":{"line":362,"column":null}},{"start":{},"end":{}}],"line":336},"28":{"loc":{"start":{"line":341,"column":17},"end":{"line":341,"column":null}},"type":"binary-expr","locations":[{"start":{"line":341,"column":17},"end":{"line":341,"column":31}},{"start":{"line":341,"column":31},"end":{"line":341,"column":null}}],"line":341},"29":{"loc":{"start":{"line":346,"column":4},"end":{"line":348,"column":null}},"type":"if","locations":[{"start":{"line":346,"column":4},"end":{"line":348,"column":null}},{"start":{},"end":{}}],"line":346},"30":{"loc":{"start":{"line":349,"column":4},"end":{"line":351,"column":null}},"type":"if","locations":[{"start":{"line":349,"column":4},"end":{"line":351,"column":null}},{"start":{},"end":{}}],"line":349},"31":{"loc":{"start":{"line":349,"column":8},"end":{"line":349,"column":60}},"type":"binary-expr","locations":[{"start":{"line":349,"column":8},"end":{"line":349,"column":35}},{"start":{"line":349,"column":35},"end":{"line":349,"column":60}}],"line":349},"32":{"loc":{"start":{"line":352,"column":4},"end":{"line":354,"column":null}},"type":"if","locations":[{"start":{"line":352,"column":4},"end":{"line":354,"column":null}},{"start":{},"end":{}}],"line":352},"33":{"loc":{"start":{"line":355,"column":4},"end":{"line":357,"column":null}},"type":"if","locations":[{"start":{"line":355,"column":4},"end":{"line":357,"column":null}},{"start":{},"end":{}}],"line":355},"34":{"loc":{"start":{"line":358,"column":4},"end":{"line":360,"column":null}},"type":"if","locations":[{"start":{"line":358,"column":4},"end":{"line":360,"column":null}},{"start":{},"end":{}}],"line":358},"35":{"loc":{"start":{"line":397,"column":2},"end":{"line":403,"column":null}},"type":"if","locations":[{"start":{"line":397,"column":2},"end":{"line":403,"column":null}},{"start":{},"end":{}}],"line":397},"36":{"loc":{"start":{"line":436,"column":2},"end":{"line":436,"column":null}},"type":"if","locations":[{"start":{"line":436,"column":2},"end":{"line":436,"column":null}},{"start":{},"end":{}}],"line":436},"37":{"loc":{"start":{"line":446,"column":17},"end":{"line":448,"column":null}},"type":"cond-expr","locations":[{"start":{"line":447,"column":8},"end":{"line":447,"column":null}},{"start":{"line":448,"column":8},"end":{"line":448,"column":null}}],"line":446}},"s":{"0":2,"1":2,"2":2,"3":2,"4":2,"5":2,"6":2,"7":2,"8":2,"9":2,"10":2,"11":2,"12":2,"13":2,"14":2,"15":2,"16":2,"17":2,"18":2,"19":2,"20":2,"21":16,"22":16,"23":16,"24":16,"25":16,"26":1,"27":1,"28":11,"29":1,"30":10,"31":11,"32":11,"33":0,"34":10,"35":3,"36":3,"37":3,"38":1,"39":2,"40":3,"41":7,"42":1,"43":6,"44":1,"45":5,"46":0,"47":5,"48":1,"49":4,"50":1,"51":3,"52":1,"53":2,"54":11,"55":12,"56":12,"57":12,"58":1,"59":1,"60":1,"61":11,"62":11,"63":11,"64":2,"65":4,"66":4,"67":2,"68":2,"69":11,"70":11,"71":11,"72":1,"73":11,"74":11,"75":8,"76":0,"77":8,"78":8,"79":8,"80":6,"81":8,"82":1,"83":7,"84":3,"85":4,"86":1,"87":3,"88":1,"89":2,"90":1,"91":1,"92":3,"93":3,"94":3,"95":3,"96":3,"97":0,"98":3,"99":3,"100":3,"101":2,"102":1,"103":1,"104":1,"105":0,"106":1,"107":0,"108":1,"109":1,"110":0,"111":3,"112":0,"113":0,"114":0,"115":1,"116":1},"f":{"0":2,"1":16,"2":1,"3":11,"4":11,"5":12,"6":1,"7":1,"8":4,"9":2,"10":11,"11":0,"12":3,"13":3,"14":0,"15":0,"16":0},"b":{"0":[2,2],"1":[16,3],"2":[1,15],"3":[1,10],"4":[10,0],"5":[0,11],"6":[11,0,0],"7":[3,7],"8":[10,7],"9":[1,2],"10":[1,1],"11":[1,6],"12":[7,6,6],"13":[1,5],"14":[6,5,5,5],"15":[0,5],"16":[5,5],"17":[1,4],"18":[5,4,4],"19":[1,3],"20":[4,4,3],"21":[1,2],"22":[3,2,2],"23":[1,11],"24":[1,3],"25":[11],"26":[1,10],"27":[8,3],"28":[8,0],"29":[1,7],"30":[3,4],"31":[7,6],"32":[1,3],"33":[1,2],"34":[1,1],"35":[3,0],"36":[2,1],"37":[0,0]},"meta":{"lastBranch":38,"lastFunction":17,"lastStatement":117,"seen":{"s:15:7:15:Infinity":0,"f:15:7:15:12":0,"s:16:2:16:Infinity":1,"s:17:2:17:Infinity":2,"s:18:2:18:Infinity":3,"s:19:2:19:Infinity":4,"s:20:2:20:Infinity":5,"s:21:2:21:Infinity":6,"s:22:2:22:Infinity":7,"s:23:2:23:Infinity":8,"s:24:2:24:Infinity":9,"s:25:2:25:Infinity":10,"s:26:2:26:Infinity":11,"s:27:2:27:Infinity":12,"s:28:2:28:Infinity":13,"s:29:2:29:Infinity":14,"s:30:2:30:Infinity":15,"s:31:2:31:Infinity":16,"s:32:2:32:Infinity":17,"s:15:12:15:Infinity":18,"b:15:12:15:Infinity:15:12:15:Infinity":0,"s:35:64:56:Infinity":19,"s:58:66:76:Infinity":20,"f:83:2:83:Infinity":1,"s:89:4:89:Infinity":21,"s:90:4:90:Infinity":22,"s:91:4:91:Infinity":23,"s:92:4:92:Infinity":24,"b:92:21:92:34:92:34:92:Infinity":1,"b:93:4:95:Infinity:undefined:undefined:undefined:undefined":2,"s:93:4:95:Infinity":25,"s:94:6:94:Infinity":26,"f:98:2:98:27":2,"s:99:4:99:Infinity":27,"f:112:9:112:23":3,"b:113:2:120:Infinity:undefined:undefined:undefined:undefined":3,"s:113:2:120:Infinity":28,"s:114:4:119:Infinity":29,"s:122:14:122:Infinity":30,"b:122:39:122:55:122:55:122:Infinity":4,"s:123:19:123:Infinity":31,"b:125:2:134:Infinity:undefined:undefined:undefined:undefined":5,"s:125:2:134:Infinity":32,"b:126:4:126:35:126:35:126:69:126:69:126:Infinity":6,"s:128:4:133:Infinity":33,"b:136:2:156:Infinity:undefined:undefined:undefined:undefined":7,"s:136:2:156:Infinity":34,"b:136:6:136:40:136:40:136:66":8,"s:137:18:137:Infinity":35,"s:138:27:138:Infinity":36,"b:139:4:146:Infinity:undefined:undefined:undefined:undefined":9,"s:139:4:146:Infinity":37,"s:140:6:145:Infinity":38,"s:147:17:149:Infinity":39,"b:148:8:148:Infinity:149:8:149:Infinity":10,"s:150:4:155:Infinity":40,"b:158:2:168:Infinity:undefined:undefined:undefined:undefined":11,"s:158:2:168:Infinity":41,"b:159:4:159:41:159:41:159:Infinity:160:7:160:Infinity":12,"s:162:4:167:Infinity":42,"b:170:2:180:Infinity:undefined:undefined:undefined:undefined":13,"s:170:2:180:Infinity":43,"b:171:4:171:37:171:37:171:Infinity:172:7:172:46:172:46:172:Infinity":14,"s:174:4:179:Infinity":44,"b:182:2:192:Infinity:undefined:undefined:undefined:undefined":15,"s:182:2:192:Infinity":45,"b:183:4:183:51:183:51:183:Infinity":16,"s:185:4:191:Infinity":46,"b:194:2:204:Infinity:undefined:undefined:undefined:undefined":17,"s:194:2:204:Infinity":47,"b:195:4:195:39:195:39:195:Infinity:196:7:196:Infinity":18,"s:198:4:203:Infinity":48,"b:206:2:216:Infinity:undefined:undefined:undefined:undefined":19,"s:206:2:216:Infinity":49,"b:207:4:207:39:207:39:207:Infinity:208:7:208:Infinity":20,"s:210:4:215:Infinity":50,"b:218:2:228:Infinity:undefined:undefined:undefined:undefined":21,"s:218:2:228:Infinity":51,"b:219:4:219:41:219:41:219:Infinity:220:7:220:Infinity":22,"s:222:4:227:Infinity":52,"s:230:2:235:Infinity":53,"f:238:9:238:27":4,"s:239:2:250:Infinity":54,"f:262:22:262:Infinity":5,"s:267:2:287:Infinity":55,"s:268:27:268:Infinity":56,"s:269:19:281:Infinity":57,"b:270:8:280:Infinity:281:8:281:Infinity":23,"f:272:27:272:28":6,"s:273:10:278:Infinity":58,"f:273:21:273:Infinity":7,"s:274:12:278:15":59,"s:282:4:282:Infinity":60,"s:284:23:284:Infinity":61,"s:285:4:285:Infinity":62,"s:286:4:286:Infinity":63,"s:292:26:292:Infinity":64,"f:294:16:294:27":8,"s:295:20:298:Infinity":65,"b:296:6:297:Infinity:298:6:298:Infinity":24,"s:299:2:299:Infinity":66,"f:302:16:302:27":9,"s:303:2:308:Infinity":67,"s:313:35:313:Infinity":68,"f:318:22:318:Infinity":10,"b:320:25:320:Infinity":25,"s:323:14:323:Infinity":69,"s:324:42:326:Infinity":70,"b:327:2:329:Infinity:undefined:undefined:undefined:undefined":26,"s:327:2:329:Infinity":71,"s:328:4:328:Infinity":72,"s:331:19:334:Infinity":73,"b:336:2:362:Infinity:undefined:undefined:undefined:undefined":27,"s:336:2:362:Infinity":74,"s:337:17:337:Infinity":75,"f:337:45:337:51":11,"s:337:51:337:66":76,"s:339:4:344:Infinity":77,"s:340:19:340:Infinity":78,"s:341:6:341:Infinity":79,"b:341:17:341:31:341:31:341:Infinity":28,"s:343:6:343:Infinity":80,"b:346:4:348:Infinity:undefined:undefined:undefined:undefined":29,"s:346:4:348:Infinity":81,"s:347:6:347:Infinity":82,"b:349:4:351:Infinity:undefined:undefined:undefined:undefined":30,"s:349:4:351:Infinity":83,"b:349:8:349:35:349:35:349:60":31,"s:350:6:350:Infinity":84,"b:352:4:354:Infinity:undefined:undefined:undefined:undefined":32,"s:352:4:354:Infinity":85,"s:353:6:353:Infinity":86,"b:355:4:357:Infinity:undefined:undefined:undefined:undefined":33,"s:355:4:357:Infinity":87,"s:356:6:356:Infinity":88,"b:358:4:360:Infinity:undefined:undefined:undefined:undefined":34,"s:358:4:360:Infinity":89,"s:359:6:359:Infinity":90,"s:361:4:361:Infinity":91,"s:364:2:364:Infinity":92,"f:373:22:373:Infinity":12,"s:378:17:394:Infinity":93,"s:396:20:396:Infinity":94,"b:397:2:403:Infinity:undefined:undefined:undefined:undefined":35,"s:397:2:403:Infinity":95,"s:398:4:402:Infinity":96,"s:405:2:405:Infinity":97,"f:417:22:417:Infinity":13,"s:422:17:433:Infinity":98,"s:435:17:435:Infinity":99,"b:436:2:436:Infinity:undefined:undefined:undefined:undefined":36,"s:436:2:436:Infinity":100,"s:436:15:436:Infinity":101,"s:438:2:473:Infinity":102,"s:440:19:440:Infinity":103,"s:441:15:441:Infinity":104,"f:441:48:441:49":14,"s:441:55:441:70":105,"s:442:17:442:Infinity":106,"f:442:52:442:53":15,"s:442:59:442:74":107,"s:445:20:445:Infinity":108,"s:446:17:448:Infinity":109,"b:447:8:447:Infinity:448:8:448:Infinity":37,"f:447:43:447:44":16,"s:447:50:447:65":110,"s:449:24:455:Infinity":111,"s:456:22:462:Infinity":112,"s:464:22:468:Infinity":113,"s:469:4:469:Infinity":114,"s:471:4:471:Infinity":115,"s:472:4:472:Infinity":116}}}
}
